Using pre-set license
Built from '2021.3/release' branch; Version is '2021.3.17f1 (3e8111cac19d) revision 4096273'; Using compiler version '192829333'; Build Type 'Release'
OS: 'Windows 10  (10.0.19044) 64bit Professional' Language: 'en' Physical Memory: 32671 MB
BatchMode: 1, IsHumanControllingUs: 0, StartBugReporterOnCrash: 0, Is64bit: 1, IsPro: 1

COMMAND LINE ARGUMENTS:
C:\Program Files\Unity\Hub\Editor\2021.3.17f1\Editor\Unity.exe
-adb2
-batchMode
-noUpm
-name
AssetImportWorker7
-projectPath
C:/Users/RyzenBox/Documents/GitHub/Roots
-logFile
Logs/AssetImportWorker7.log
-srvPort
59826
Successfully changed project path to: C:/Users/RyzenBox/Documents/GitHub/Roots
C:/Users/RyzenBox/Documents/GitHub/Roots
[UnityMemory] Configuration Parameters - Can be set up in boot.config
    "memorysetup-bucket-allocator-granularity=16"
    "memorysetup-bucket-allocator-bucket-count=8"
    "memorysetup-bucket-allocator-block-size=33554432"
    "memorysetup-bucket-allocator-block-count=8"
    "memorysetup-main-allocator-block-size=16777216"
    "memorysetup-thread-allocator-block-size=16777216"
    "memorysetup-gfx-main-allocator-block-size=16777216"
    "memorysetup-gfx-thread-allocator-block-size=16777216"
    "memorysetup-cache-allocator-block-size=4194304"
    "memorysetup-typetree-allocator-block-size=2097152"
    "memorysetup-profiler-bucket-allocator-granularity=16"
    "memorysetup-profiler-bucket-allocator-bucket-count=8"
    "memorysetup-profiler-bucket-allocator-block-size=33554432"
    "memorysetup-profiler-bucket-allocator-block-count=8"
    "memorysetup-profiler-allocator-block-size=16777216"
    "memorysetup-profiler-editor-allocator-block-size=1048576"
    "memorysetup-temp-allocator-size-main=16777216"
    "memorysetup-job-temp-allocator-block-size=2097152"
    "memorysetup-job-temp-allocator-block-size-background=1048576"
    "memorysetup-job-temp-allocator-reduction-small-platforms=262144"
    "memorysetup-temp-allocator-size-background-worker=32768"
    "memorysetup-temp-allocator-size-job-worker=262144"
    "memorysetup-temp-allocator-size-preload-manager=33554432"
    "memorysetup-temp-allocator-size-nav-mesh-worker=65536"
    "memorysetup-temp-allocator-size-audio-worker=65536"
    "memorysetup-temp-allocator-size-cloud-worker=32768"
    "memorysetup-temp-allocator-size-gi-baking-worker=262144"
    "memorysetup-temp-allocator-size-gfx=262144"
Player connection [19280] Host "[IP] 192.168.254.195 [Port] 0 [Flags] 2 [Guid] 2543472084 [EditorId] 2543472084 [Version] 1048832 [Id] WindowsEditor(7,DESKTOP-C16A4CE) [Debug] 1 [PackageName] WindowsEditor [ProjectName] Editor" joined multi-casting on [225.0.0.222:54997]...

Player connection [19280] Host "[IP] 192.168.254.195 [Port] 0 [Flags] 2 [Guid] 2543472084 [EditorId] 2543472084 [Version] 1048832 [Id] WindowsEditor(7,DESKTOP-C16A4CE) [Debug] 1 [PackageName] WindowsEditor [ProjectName] Editor" joined alternative multi-casting on [225.0.0.222:34997]...

Refreshing native plugins compatible for Editor in 64.09 ms, found 3 plugins.
Preloading 0 native plugins for Editor in 0.00 ms.
Initialize engine version: 2021.3.17f1 (3e8111cac19d)
[Subsystems] Discovering subsystems at path C:/Program Files/Unity/Hub/Editor/2021.3.17f1/Editor/Data/Resources/UnitySubsystems
[Subsystems] Discovering subsystems at path C:/Users/RyzenBox/Documents/GitHub/Roots/Assets
GfxDevice: creating device client; threaded=0; jobified=0
Direct3D:
    Version:  Direct3D 11.0 [level 11.1]
    Renderer: AMD Radeon RX 6800 XT (ID=0x73bf)
    Vendor:   ATI
    VRAM:     16338 MB
    Driver:   31.0.12029.10015
Initialize mono
Mono path[0] = 'C:/Program Files/Unity/Hub/Editor/2021.3.17f1/Editor/Data/Managed'
Mono path[1] = 'C:/Program Files/Unity/Hub/Editor/2021.3.17f1/Editor/Data/MonoBleedingEdge/lib/mono/unityjit-win32'
Mono config path = 'C:/Program Files/Unity/Hub/Editor/2021.3.17f1/Editor/Data/MonoBleedingEdge/etc'
Using monoOptions --debugger-agent=transport=dt_socket,embedding=1,server=y,suspend=n,address=127.0.0.1:56964
Begin MonoManager ReloadAssembly
Registering precompiled unity dll's ...
Register platform support module: C:/Program Files/Unity/Hub/Editor/2021.3.17f1/Editor/Data/PlaybackEngines/WindowsStandaloneSupport/UnityEditor.WindowsStandalone.Extensions.dll
Registered in 0.005516 seconds.
Native extension for WindowsStandalone target not found
Refreshing native plugins compatible for Editor in 71.94 ms, found 3 plugins.
Preloading 0 native plugins for Editor in 0.00 ms.
Mono: successfully reloaded assembly
- Completed reload, in  0.466 seconds
Domain Reload Profiling:
	ReloadAssembly (466ms)
		BeginReloadAssembly (53ms)
			ExecutionOrderSort (0ms)
			DisableScriptedObjects (0ms)
			BackupInstance (0ms)
			ReleaseScriptingObjects (0ms)
			CreateAndSetChildDomain (0ms)
		EndReloadAssembly (333ms)
			LoadAssemblies (51ms)
			RebuildTransferFunctionScriptingTraits (0ms)
			SetupTypeCache (64ms)
			ReleaseScriptCaches (0ms)
			RebuildScriptCaches (17ms)
			SetupLoadedEditorAssemblies (214ms)
				LogAssemblyErrors (0ms)
				InitializePlatformSupportModulesInManaged (6ms)
				SetLoadedEditorAssemblies (0ms)
				RefreshPlugins (72ms)
				BeforeProcessingInitializeOnLoad (1ms)
				ProcessInitializeOnLoadAttributes (104ms)
				ProcessInitializeOnLoadMethodAttributes (32ms)
				AfterProcessingInitializeOnLoad (0ms)
				EditorAssembliesLoaded (0ms)
			ExecutionOrderSort2 (0ms)
			AwakeInstancesAfterBackupRestoration (0ms)
Platform modules already initialized, skipping
Registering precompiled user dll's ...
Registered in 0.004253 seconds.
Begin MonoManager ReloadAssembly
Symbol file LoadedFromMemory doesn't match image C:\Users\RyzenBox\Documents\GitHub\Roots\Library\PackageCache\com.unity.visualscripting@1.8.0\Editor\VisualScripting.Core\Dependencies\YamlDotNet\Unity.VisualScripting.YamlDotNet.dll
Symbol file LoadedFromMemory doesn't match image C:\Users\RyzenBox\Documents\GitHub\Roots\Library\PackageCache\com.unity.visualscripting@1.8.0\Editor\VisualScripting.Core\Dependencies\DotNetZip\Unity.VisualScripting.IonicZip.dll
Native extension for WindowsStandalone target not found
Refreshing native plugins compatible for Editor in 0.55 ms, found 3 plugins.
Preloading 0 native plugins for Editor in 0.00 ms.
Mono: successfully reloaded assembly
- Completed reload, in  0.723 seconds
Domain Reload Profiling:
	ReloadAssembly (724ms)
		BeginReloadAssembly (79ms)
			ExecutionOrderSort (0ms)
			DisableScriptedObjects (6ms)
			BackupInstance (0ms)
			ReleaseScriptingObjects (0ms)
			CreateAndSetChildDomain (13ms)
		EndReloadAssembly (558ms)
			LoadAssemblies (57ms)
			RebuildTransferFunctionScriptingTraits (0ms)
			SetupTypeCache (171ms)
			ReleaseScriptCaches (0ms)
			RebuildScriptCaches (31ms)
			SetupLoadedEditorAssemblies (269ms)
				LogAssemblyErrors (0ms)
				InitializePlatformSupportModulesInManaged (4ms)
				SetLoadedEditorAssemblies (0ms)
				RefreshPlugins (1ms)
				BeforeProcessingInitializeOnLoad (68ms)
				ProcessInitializeOnLoadAttributes (173ms)
				ProcessInitializeOnLoadMethodAttributes (17ms)
				AfterProcessingInitializeOnLoad (6ms)
				EditorAssembliesLoaded (0ms)
			ExecutionOrderSort2 (0ms)
			AwakeInstancesAfterBackupRestoration (4ms)
Platform modules already initialized, skipping
========================================================================
Worker process is ready to serve import requests
Launched and connected shader compiler UnityShaderCompiler.exe after 0.03 seconds
Refreshing native plugins compatible for Editor in 0.72 ms, found 3 plugins.
Preloading 0 native plugins for Editor in 0.00 ms.
Unloading 3377 Unused Serialized files (Serialized files now loaded: 0)
Unloading 27 unused Assets / (113.7 KB). Loaded Objects now: 3849.
Memory consumption went from 201.0 MB to 200.9 MB.
Total: 2.294700 ms (FindLiveObjects: 0.165000 ms CreateObjectMapping: 0.080800 ms MarkObjects: 1.976700 ms  DeleteObjects: 0.071700 ms)

AssetImportParameters requested are different than current active one (requested -> active):
  custom:video-decoder-ogg-theora: a1e56fd34408186e4bbccfd4996cb3dc -> 
  custom:container-muxer-webm: aa71ff27fc2769a1b78a27578f13a17b -> 
  custom:container-demuxer-webm: 4f35f7cbe854078d1ac9338744f61a02 -> 
  custom:video-encoder-webm-vp8: eb34c28f22e8b96e1ab97ce403110664 -> 
  custom:audio-encoder-webm-vorbis: bf7c407c2cedff20999df2af8eb42d56 -> 
  custom:framework-win-MediaFoundation: 216162199b28c13a410421893ffa2e32 -> 
  custom:container-demuxer-ogg: 62fdf1f143b41e24485cea50d1cbac27 -> 
  custom:video-decoder-webm-vp8: 9c59270c3fd7afecdb556c50c9e8de78 -> 
  custom:audio-decoder-ogg-vorbis: bf7c407c2cedff20999df2af8eb42d56 -> 
========================================================================
Received Import Request.
  Time since last request: 94531.812787 seconds.
  path: Assets/Game Buffs/Free Stylized Textures/Textures/Test Root/Wood_Wall_1_Height.png
  artifactKey: Guid(6dbdfbde4a528374c8754a1c7388a859) Importer(815301076,1909f56bfc062723c751e8b465ee728b)
Start importing Assets/Game Buffs/Free Stylized Textures/Textures/Test Root/Wood_Wall_1_Height.png using Guid(6dbdfbde4a528374c8754a1c7388a859) Importer(815301076,1909f56bfc062723c751e8b465ee728b)  -> (artifact id: 'f73822a1352eb5fa357cb04ffac7f493') in 0.085030 seconds 
========================================================================
Received Import Request.
  Time since last request: 0.000015 seconds.
  path: Assets/Game Buffs/Free Stylized Textures/Textures/Test Root/Wood_Wall_1_Roughness.png
  artifactKey: Guid(d28cb0cda7c7f084f984b9058c88a6ed) Importer(815301076,1909f56bfc062723c751e8b465ee728b)
Start importing Assets/Game Buffs/Free Stylized Textures/Textures/Test Root/Wood_Wall_1_Roughness.png using Guid(d28cb0cda7c7f084f984b9058c88a6ed) Importer(815301076,1909f56bfc062723c751e8b465ee728b)  -> (artifact id: '4e36cf2dd6378795366b18f9ad9b4086') in 0.038677 seconds 
========================================================================
Received Import Request.
  Time since last request: 73.778132 seconds.
  path: Assets/Game Buffs/Free Stylized Textures/Textures/Test Root/Wood_Wall_1_Height.png
  artifactKey: Guid(6dbdfbde4a528374c8754a1c7388a859) Importer(815301076,1909f56bfc062723c751e8b465ee728b)
Start importing Assets/Game Buffs/Free Stylized Textures/Textures/Test Root/Wood_Wall_1_Height.png using Guid(6dbdfbde4a528374c8754a1c7388a859) Importer(815301076,1909f56bfc062723c751e8b465ee728b)  -> (artifact id: 'deb6cf19074f37fd9b3643873c58dbc2') in 0.037579 seconds 
========================================================================
Received Import Request.
  Time since last request: 226.373173 seconds.
  path: Assets/Game Buffs/Free Stylized Textures/Textures/Planks_Wood_16/Planks_Wood_16.terrainlayer
  artifactKey: Guid(30e471dfeac529a428cbccbed57514b7) Importer(815301076,1909f56bfc062723c751e8b465ee728b)
Start importing Assets/Game Buffs/Free Stylized Textures/Textures/Planks_Wood_16/Planks_Wood_16.terrainlayer using Guid(30e471dfeac529a428cbccbed57514b7) Importer(815301076,1909f56bfc062723c751e8b465ee728b)  -> (artifact id: 'fb0de4469d50d433fdd246b9e8416183') in 0.039455 seconds 
========================================================================
Received Import Request.
  Time since last request: 0.000012 seconds.
  path: Assets/Game Buffs/Free Stylized Textures/Textures/Planks_Wood_16/Planks_Wood_16_Normal.png
  artifactKey: Guid(48b733dd85bb3ed44989e1c4747cd7b6) Importer(815301076,1909f56bfc062723c751e8b465ee728b)
Start importing Assets/Game Buffs/Free Stylized Textures/Textures/Planks_Wood_16/Planks_Wood_16_Normal.png using Guid(48b733dd85bb3ed44989e1c4747cd7b6) Importer(815301076,1909f56bfc062723c751e8b465ee728b)  -> (artifact id: 'e5fe90eeea731898278918efe569f9d7') in 0.023748 seconds 
========================================================================
Received Import Request.
  Time since last request: 0.000010 seconds.
  path: Assets/Game Buffs/Free Stylized Textures/Textures/Planks_Wood_16/Planks_Wood_16_AO.png
  artifactKey: Guid(6cc2f0218ef521a498569ef2a15dde35) Importer(815301076,1909f56bfc062723c751e8b465ee728b)
Start importing Assets/Game Buffs/Free Stylized Textures/Textures/Planks_Wood_16/Planks_Wood_16_AO.png using Guid(6cc2f0218ef521a498569ef2a15dde35) Importer(815301076,1909f56bfc062723c751e8b465ee728b)  -> (artifact id: '7519e185155c1a8b896d6438cb2de617') in 0.007104 seconds 
========================================================================
Received Import Request.
  Time since last request: 0.000008 seconds.
  path: Assets/Game Buffs/Free Stylized Textures/Textures/Planks_Wood_16/Planks_Wood_16_Height.png
  artifactKey: Guid(c5ae12327dc1e2045a67b6d293b708c3) Importer(815301076,1909f56bfc062723c751e8b465ee728b)
Start importing Assets/Game Buffs/Free Stylized Textures/Textures/Planks_Wood_16/Planks_Wood_16_Height.png using Guid(c5ae12327dc1e2045a67b6d293b708c3) Importer(815301076,1909f56bfc062723c751e8b465ee728b)  -> (artifact id: 'e35df6eb0a81208dd728a2c2797ee42f') in 0.008302 seconds 
========================================================================
Received Import Request.
  Time since last request: 27.591083 seconds.
  path: Assets/Game Buffs/Free Stylized Textures/Textures/Muddy_Cracked_Sand_6/Muddy_Cracked_Sand_6_AO.png
  artifactKey: Guid(5210e49fc7eb7cf4491155f1270c10c1) Importer(815301076,1909f56bfc062723c751e8b465ee728b)
Start importing Assets/Game Buffs/Free Stylized Textures/Textures/Muddy_Cracked_Sand_6/Muddy_Cracked_Sand_6_AO.png using Guid(5210e49fc7eb7cf4491155f1270c10c1) Importer(815301076,1909f56bfc062723c751e8b465ee728b)  -> (artifact id: '3dcb1a1f1d7cd6410fc5d209f4890f1a') in 0.008972 seconds 
========================================================================
Received Import Request.
  Time since last request: 0.000011 seconds.
  path: Assets/Game Buffs/Free Stylized Textures/Textures/Muddy_Cracked_Sand_6/Muddy_Cracked_Sand_6_Height.png
  artifactKey: Guid(ccafef53f98babf40baba0cc200e066d) Importer(815301076,1909f56bfc062723c751e8b465ee728b)
Start importing Assets/Game Buffs/Free Stylized Textures/Textures/Muddy_Cracked_Sand_6/Muddy_Cracked_Sand_6_Height.png using Guid(ccafef53f98babf40baba0cc200e066d) Importer(815301076,1909f56bfc062723c751e8b465ee728b)  -> (artifact id: '2c56a1b2904ccf0c045b8aa8ad6732f3') in 0.019496 seconds 
========================================================================
Received Import Request.
  Time since last request: 0.000016 seconds.
  path: Assets/Game Buffs/Free Stylized Textures/Textures/Muddy_Cracked_Sand_6/Muddy_Cracked_Sand_6_Metallic.png
  artifactKey: Guid(46f5327fc4dab7a45b6647027d38ed97) Importer(815301076,1909f56bfc062723c751e8b465ee728b)
Start importing Assets/Game Buffs/Free Stylized Textures/Textures/Muddy_Cracked_Sand_6/Muddy_Cracked_Sand_6_Metallic.png using Guid(46f5327fc4dab7a45b6647027d38ed97) Importer(815301076,1909f56bfc062723c751e8b465ee728b)  -> (artifact id: '72d4ca853bf91bf4cad92a743a905c82') in 0.009351 seconds 
========================================================================
Received Import Request.
  Time since last request: 0.000009 seconds.
  path: Assets/Game Buffs/Free Stylized Textures/Textures/Muddy_Cracked_Sand_6/Muddy_Cracked_Sand_6_Normal.png
  artifactKey: Guid(43a8f93c093f6da49808abc2079a9817) Importer(815301076,1909f56bfc062723c751e8b465ee728b)
Start importing Assets/Game Buffs/Free Stylized Textures/Textures/Muddy_Cracked_Sand_6/Muddy_Cracked_Sand_6_Normal.png using Guid(43a8f93c093f6da49808abc2079a9817) Importer(815301076,1909f56bfc062723c751e8b465ee728b)  -> (artifact id: '8e844084a356c7a5065aeb029e1f6fcd') in 0.010044 seconds 
========================================================================
Received Import Request.
  Time since last request: 0.700363 seconds.
  path: Assets/Game Buffs/Free Stylized Textures/Textures/Marble_Surface_20/Marble_Surface_20_AO.png
  artifactKey: Guid(235c4d71c28cb03458b3060575aa791e) Importer(815301076,1909f56bfc062723c751e8b465ee728b)
Start importing Assets/Game Buffs/Free Stylized Textures/Textures/Marble_Surface_20/Marble_Surface_20_AO.png using Guid(235c4d71c28cb03458b3060575aa791e) Importer(815301076,1909f56bfc062723c751e8b465ee728b)  -> (artifact id: '82c7593d0dc9756112c09b0d1837ca50') in 0.009371 seconds 
========================================================================
Received Import Request.
  Time since last request: 0.000012 seconds.
  path: Assets/Game Buffs/Free Stylized Textures/Textures/Marble_Surface_20/Marble_Surface_20_Roughness.png
  artifactKey: Guid(f953f31c19114fa41906efac68a81125) Importer(815301076,1909f56bfc062723c751e8b465ee728b)
Start importing Assets/Game Buffs/Free Stylized Textures/Textures/Marble_Surface_20/Marble_Surface_20_Roughness.png using Guid(f953f31c19114fa41906efac68a81125) Importer(815301076,1909f56bfc062723c751e8b465ee728b)  -> (artifact id: '86667cb9ad148c6b31456392b5d80629') in 0.015584 seconds 
========================================================================
Received Import Request.
  Time since last request: 0.000010 seconds.
  path: Assets/Game Buffs/Free Stylized Textures/Textures/Marble_Surface_20/Marble_Surface_20_Normal.png
  artifactKey: Guid(582ac873c22702149b7fad4ab7a43f6e) Importer(815301076,1909f56bfc062723c751e8b465ee728b)
Start importing Assets/Game Buffs/Free Stylized Textures/Textures/Marble_Surface_20/Marble_Surface_20_Normal.png using Guid(582ac873c22702149b7fad4ab7a43f6e) Importer(815301076,1909f56bfc062723c751e8b465ee728b)  -> (artifact id: 'c766f442cbb1ca047c8c2d187f380710') in 0.020463 seconds 
========================================================================
Received Import Request.
  Time since last request: 1.228447 seconds.
  path: Assets/Game Buffs/Free Stylized Textures/Textures/Lava_And_Pavement_2/Lava_And_Pavement_2_AO.png
  artifactKey: Guid(6ed86b3c5a41a79478bd428068fe3e05) Importer(815301076,1909f56bfc062723c751e8b465ee728b)
Start importing Assets/Game Buffs/Free Stylized Textures/Textures/Lava_And_Pavement_2/Lava_And_Pavement_2_AO.png using Guid(6ed86b3c5a41a79478bd428068fe3e05) Importer(815301076,1909f56bfc062723c751e8b465ee728b)  -> (artifact id: '87c5f55929e553dea87453d83fbfbd90') in 0.009777 seconds 
========================================================================
Received Import Request.
  Time since last request: 0.000011 seconds.
  path: Assets/Game Buffs/Free Stylized Textures/Textures/Lava_And_Pavement_2/Lava_And_Pavement_2_Normal.png
  artifactKey: Guid(ea3640b0da7d1c44ebb45b7c9dd93e7a) Importer(815301076,1909f56bfc062723c751e8b465ee728b)
Start importing Assets/Game Buffs/Free Stylized Textures/Textures/Lava_And_Pavement_2/Lava_And_Pavement_2_Normal.png using Guid(ea3640b0da7d1c44ebb45b7c9dd93e7a) Importer(815301076,1909f56bfc062723c751e8b465ee728b)  -> (artifact id: '685bf6b4508321537df135bcc57c0227') in 0.017393 seconds 
========================================================================
Received Import Request.
  Time since last request: 0.000012 seconds.
  path: Assets/Game Buffs/Free Stylized Textures/Textures/Lava_And_Pavement_2/Lava_And_Pavement_2_Height.png
  artifactKey: Guid(ee102585ff405914ca8af52a780246b9) Importer(815301076,1909f56bfc062723c751e8b465ee728b)
Start importing Assets/Game Buffs/Free Stylized Textures/Textures/Lava_And_Pavement_2/Lava_And_Pavement_2_Height.png using Guid(ee102585ff405914ca8af52a780246b9) Importer(815301076,1909f56bfc062723c751e8b465ee728b)  -> (artifact id: 'e4756b85c62bc665ff44a60a30dca838') in 0.009730 seconds 
========================================================================
Received Import Request.
  Time since last request: 0.506808 seconds.
  path: Assets/Game Buffs/Free Stylized Textures/Textures/Grass_37/Grass_37_AO.png
  artifactKey: Guid(ec3206886996c86448bca7610a271bd0) Importer(815301076,1909f56bfc062723c751e8b465ee728b)
Start importing Assets/Game Buffs/Free Stylized Textures/Textures/Grass_37/Grass_37_AO.png using Guid(ec3206886996c86448bca7610a271bd0) Importer(815301076,1909f56bfc062723c751e8b465ee728b)  -> (artifact id: '0cde2f3f250a78d0f6b274909cf2210e') in 0.008955 seconds 
========================================================================
Received Import Request.
  Time since last request: 0.000011 seconds.
  path: Assets/Game Buffs/Free Stylized Textures/Textures/Grass_37/Grass_37_Metallic.png
  artifactKey: Guid(b139783913a7a1b47aca8f9876606d9f) Importer(815301076,1909f56bfc062723c751e8b465ee728b)
Start importing Assets/Game Buffs/Free Stylized Textures/Textures/Grass_37/Grass_37_Metallic.png using Guid(b139783913a7a1b47aca8f9876606d9f) Importer(815301076,1909f56bfc062723c751e8b465ee728b)  -> (artifact id: '63f17204d3ffc9d4c246b326b6f37504') in 0.017825 seconds 
========================================================================
Received Import Request.
  Time since last request: 1.159334 seconds.
  path: Assets/Game Buffs/Free Stylized Textures/Textures/Fur_3/Fur_3_AO.png
  artifactKey: Guid(41bfdca2b48e5e94bbf04d78da33ed3d) Importer(815301076,1909f56bfc062723c751e8b465ee728b)
Start importing Assets/Game Buffs/Free Stylized Textures/Textures/Fur_3/Fur_3_AO.png using Guid(41bfdca2b48e5e94bbf04d78da33ed3d) Importer(815301076,1909f56bfc062723c751e8b465ee728b)  -> (artifact id: 'ff84f086af106b6abdc9e146e137c2b1') in 0.009806 seconds 
========================================================================
Received Import Request.
  Time since last request: 0.000014 seconds.
  path: Assets/Game Buffs/Free Stylized Textures/Textures/Fur_3/Fur_3_Normal.png
  artifactKey: Guid(cf09b3c7d6383654b919caff147f1050) Importer(815301076,1909f56bfc062723c751e8b465ee728b)
Start importing Assets/Game Buffs/Free Stylized Textures/Textures/Fur_3/Fur_3_Normal.png using Guid(cf09b3c7d6383654b919caff147f1050) Importer(815301076,1909f56bfc062723c751e8b465ee728b)  -> (artifact id: '25afb753aeb790d742fda36841abe0c0') in 0.013966 seconds 
========================================================================
Received Import Request.
  Time since last request: 0.000023 seconds.
  path: Assets/Game Buffs/Free Stylized Textures/Textures/Fur_3/Fur_3_Height.png
  artifactKey: Guid(2c5aa4c16d6afd64492aa4889194f8d4) Importer(815301076,1909f56bfc062723c751e8b465ee728b)
Start importing Assets/Game Buffs/Free Stylized Textures/Textures/Fur_3/Fur_3_Height.png using Guid(2c5aa4c16d6afd64492aa4889194f8d4) Importer(815301076,1909f56bfc062723c751e8b465ee728b)  -> (artifact id: '045d9ded39f7610823354dbe6ec3d01b') in 0.013283 seconds 
========================================================================
Received Import Request.
  Time since last request: 0.349141 seconds.
  path: Assets/Game Buffs/Free Stylized Textures/Textures/Forest_Ground_38/Forest_Ground_38_AO.png
  artifactKey: Guid(a179df1c2846ce343a9c39430e41de62) Importer(815301076,1909f56bfc062723c751e8b465ee728b)
Start importing Assets/Game Buffs/Free Stylized Textures/Textures/Forest_Ground_38/Forest_Ground_38_AO.png using Guid(a179df1c2846ce343a9c39430e41de62) Importer(815301076,1909f56bfc062723c751e8b465ee728b)  -> (artifact id: '9cc85ce61990bc9aeebdf67006e1bc77') in 0.008372 seconds 
========================================================================
Received Import Request.
  Time since last request: 0.000013 seconds.
  path: Assets/Game Buffs/Free Stylized Textures/Textures/Forest_Ground_38/Forest_Ground_38_Mask.png
  artifactKey: Guid(25737c0f88cb9194ab8a9db523b572e4) Importer(815301076,1909f56bfc062723c751e8b465ee728b)
Start importing Assets/Game Buffs/Free Stylized Textures/Textures/Forest_Ground_38/Forest_Ground_38_Mask.png using Guid(25737c0f88cb9194ab8a9db523b572e4) Importer(815301076,1909f56bfc062723c751e8b465ee728b)  -> (artifact id: '6512d97fb25e2c84fb0c722268efa3b0') in 0.015025 seconds 
========================================================================
Received Import Request.
  Time since last request: 0.000013 seconds.
  path: Assets/Game Buffs/Free Stylized Textures/Textures/Forest_Ground_38/Forest_Ground_38_Normal.png
  artifactKey: Guid(9553e1bbd3d530a41bf549e190be393b) Importer(815301076,1909f56bfc062723c751e8b465ee728b)
Start importing Assets/Game Buffs/Free Stylized Textures/Textures/Forest_Ground_38/Forest_Ground_38_Normal.png using Guid(9553e1bbd3d530a41bf549e190be393b) Importer(815301076,1909f56bfc062723c751e8b465ee728b)  -> (artifact id: '045aee694bdc2e22f4243a4b2acf6a14') in 0.016918 seconds 
========================================================================
Received Import Request.
  Time since last request: 1.020046 seconds.
  path: Assets/Game Buffs/Free Stylized Textures/Textures/Dirty_Snow_2/Dirty_Snow_2_AO.png
  artifactKey: Guid(0b2edc2780f21e24aa8f8fe5d530a058) Importer(815301076,1909f56bfc062723c751e8b465ee728b)
Start importing Assets/Game Buffs/Free Stylized Textures/Textures/Dirty_Snow_2/Dirty_Snow_2_AO.png using Guid(0b2edc2780f21e24aa8f8fe5d530a058) Importer(815301076,1909f56bfc062723c751e8b465ee728b)  -> (artifact id: '3b2d3a97d6142d03ecc4a459d1962252') in 0.010347 seconds 
========================================================================
Received Import Request.
  Time since last request: 0.000010 seconds.
  path: Assets/Game Buffs/Free Stylized Textures/Textures/Dirty_Snow_2/Dirty_Snow_2_Height.png
  artifactKey: Guid(c2beaf1c37dd45249a99a6e119453f32) Importer(815301076,1909f56bfc062723c751e8b465ee728b)
Start importing Assets/Game Buffs/Free Stylized Textures/Textures/Dirty_Snow_2/Dirty_Snow_2_Height.png using Guid(c2beaf1c37dd45249a99a6e119453f32) Importer(815301076,1909f56bfc062723c751e8b465ee728b)  -> (artifact id: '30cea3661fd3e37d308bae9b5197abe8') in 0.015603 seconds 
========================================================================
Received Import Request.
  Time since last request: 0.000012 seconds.
  path: Assets/Game Buffs/Free Stylized Textures/Textures/Dirty_Snow_2/Dirty_Snow_2_Roughness.png
  artifactKey: Guid(67d2bb515c21b1041a040e775ebd56d1) Importer(815301076,1909f56bfc062723c751e8b465ee728b)
Start importing Assets/Game Buffs/Free Stylized Textures/Textures/Dirty_Snow_2/Dirty_Snow_2_Roughness.png using Guid(67d2bb515c21b1041a040e775ebd56d1) Importer(815301076,1909f56bfc062723c751e8b465ee728b)  -> (artifact id: '9fe8691c8c34e1fd691c8b4e0293272f') in 0.008727 seconds 
========================================================================
Received Import Request.
  Time since last request: 0.866898 seconds.
  path: Assets/Game Buffs/Free Stylized Textures/Textures/Crystal_Surface_1/Crystal_Surface_1_AO.png
  artifactKey: Guid(1c87248a9a26dff4098bbecc59f44ade) Importer(815301076,1909f56bfc062723c751e8b465ee728b)
Start importing Assets/Game Buffs/Free Stylized Textures/Textures/Crystal_Surface_1/Crystal_Surface_1_AO.png using Guid(1c87248a9a26dff4098bbecc59f44ade) Importer(815301076,1909f56bfc062723c751e8b465ee728b)  -> (artifact id: '5464824644f18a1882f24c1682746e2b') in 0.009718 seconds 
========================================================================
Received Import Request.
  Time since last request: 0.000012 seconds.
  path: Assets/Game Buffs/Free Stylized Textures/Textures/Crystal_Surface_1/Crystal_Surface_1_Height.png
  artifactKey: Guid(a878ed31fc2d0814b93b4d01aa10076b) Importer(815301076,1909f56bfc062723c751e8b465ee728b)
Start importing Assets/Game Buffs/Free Stylized Textures/Textures/Crystal_Surface_1/Crystal_Surface_1_Height.png using Guid(a878ed31fc2d0814b93b4d01aa10076b) Importer(815301076,1909f56bfc062723c751e8b465ee728b)  -> (artifact id: 'b663655c65b485414d3bdabe2a43015e') in 0.014362 seconds 
========================================================================
Received Import Request.
  Time since last request: 0.000010 seconds.
  path: Assets/Game Buffs/Free Stylized Textures/Textures/Crystal_Surface_1/Crystal_Surface_1_Normal.png
  artifactKey: Guid(66d8a236695789d4ca8b82bfc1456ac4) Importer(815301076,1909f56bfc062723c751e8b465ee728b)
Start importing Assets/Game Buffs/Free Stylized Textures/Textures/Crystal_Surface_1/Crystal_Surface_1_Normal.png using Guid(66d8a236695789d4ca8b82bfc1456ac4) Importer(815301076,1909f56bfc062723c751e8b465ee728b)  -> (artifact id: '907b7af854fa4f07437c850bc1916823') in 0.015509 seconds 
========================================================================
Received Import Request.
  Time since last request: 0.520066 seconds.
  path: Assets/Game Buffs/Free Stylized Textures/Textures/Cracked_Ice_4/Cracked_Ice_4_AO.png
  artifactKey: Guid(ebb95fbee2326f149a07c014d53e26a7) Importer(815301076,1909f56bfc062723c751e8b465ee728b)
Start importing Assets/Game Buffs/Free Stylized Textures/Textures/Cracked_Ice_4/Cracked_Ice_4_AO.png using Guid(ebb95fbee2326f149a07c014d53e26a7) Importer(815301076,1909f56bfc062723c751e8b465ee728b)  -> (artifact id: '5dc6d2f39c25d1fd4de9650df5eee396') in 0.009242 seconds 
========================================================================
Received Import Request.
  Time since last request: 0.000014 seconds.
  path: Assets/Game Buffs/Free Stylized Textures/Textures/Cracked_Ice_4/Cracked_Ice_4_Normal.png
  artifactKey: Guid(6d8f866b5b42df34baa47baa59a284b6) Importer(815301076,1909f56bfc062723c751e8b465ee728b)
Start importing Assets/Game Buffs/Free Stylized Textures/Textures/Cracked_Ice_4/Cracked_Ice_4_Normal.png using Guid(6d8f866b5b42df34baa47baa59a284b6) Importer(815301076,1909f56bfc062723c751e8b465ee728b)  -> (artifact id: '139b539411f261e3b0dc1ebdbe3275e5') in 0.015567 seconds 
========================================================================
Received Import Request.
  Time since last request: 0.000011 seconds.
  path: Assets/Game Buffs/Free Stylized Textures/Textures/Cracked_Ice_4/Cracked_Ice_4_Mask.png
  artifactKey: Guid(e8dc389b73aea4d43b36ecad14739d9a) Importer(815301076,1909f56bfc062723c751e8b465ee728b)
Start importing Assets/Game Buffs/Free Stylized Textures/Textures/Cracked_Ice_4/Cracked_Ice_4_Mask.png using Guid(e8dc389b73aea4d43b36ecad14739d9a) Importer(815301076,1909f56bfc062723c751e8b465ee728b)  -> (artifact id: '2c6c7807bb5799d283f452963255c19b') in 0.009082 seconds 
========================================================================
Received Import Request.
  Time since last request: 0.790006 seconds.
  path: Assets/Game Buffs/Free Stylized Textures/Textures/Cracked_Concrete_26/Cracked_Concrete_26_AO.png
  artifactKey: Guid(2220f32be427cd546a9f5015217228a5) Importer(815301076,1909f56bfc062723c751e8b465ee728b)
Start importing Assets/Game Buffs/Free Stylized Textures/Textures/Cracked_Concrete_26/Cracked_Concrete_26_AO.png using Guid(2220f32be427cd546a9f5015217228a5) Importer(815301076,1909f56bfc062723c751e8b465ee728b)  -> (artifact id: '3db2b20ca745ff35665cb8dacff2e733') in 0.009011 seconds 
========================================================================
Received Import Request.
  Time since last request: 0.000012 seconds.
  path: Assets/Game Buffs/Free Stylized Textures/Textures/Cracked_Concrete_26/Cracked_Concrete_26_Normal.png
  artifactKey: Guid(343a8de9872a59b4ab4c99e948c53cc7) Importer(815301076,1909f56bfc062723c751e8b465ee728b)
Start importing Assets/Game Buffs/Free Stylized Textures/Textures/Cracked_Concrete_26/Cracked_Concrete_26_Normal.png using Guid(343a8de9872a59b4ab4c99e948c53cc7) Importer(815301076,1909f56bfc062723c751e8b465ee728b)  -> (artifact id: 'e1511c085d81f72a18ddb507bb04b57d') in 0.012323 seconds 
========================================================================
Received Import Request.
  Time since last request: 0.000012 seconds.
  path: Assets/Game Buffs/Free Stylized Textures/Textures/Cracked_Concrete_26/Cracked_Concrete_26_Height.png
  artifactKey: Guid(6f5bdc15d8b768f428a38057eac7563a) Importer(815301076,1909f56bfc062723c751e8b465ee728b)
Start importing Assets/Game Buffs/Free Stylized Textures/Textures/Cracked_Concrete_26/Cracked_Concrete_26_Height.png using Guid(6f5bdc15d8b768f428a38057eac7563a) Importer(815301076,1909f56bfc062723c751e8b465ee728b)  -> (artifact id: 'ae26c86ff752c0233b1d8052e705168f') in 0.019648 seconds 
========================================================================
Received Import Request.
  Time since last request: 1.643637 seconds.
  path: Assets/Game Buffs/Free Stylized Textures/Textures/Cracked_Asphalt_5/Cracked_Asphalt_5_AO.png
  artifactKey: Guid(9c9807bd38bd13849a5a834f60d61351) Importer(815301076,1909f56bfc062723c751e8b465ee728b)
Start importing Assets/Game Buffs/Free Stylized Textures/Textures/Cracked_Asphalt_5/Cracked_Asphalt_5_AO.png using Guid(9c9807bd38bd13849a5a834f60d61351) Importer(815301076,1909f56bfc062723c751e8b465ee728b)  -> (artifact id: '6c51089496db7c4dc01bb7564c46a732') in 0.008577 seconds 
========================================================================
Received Import Request.
  Time since last request: 0.000009 seconds.
  path: Assets/Game Buffs/Free Stylized Textures/Textures/Cracked_Asphalt_5/Cracked_Asphalt_5_Metallic.png
  artifactKey: Guid(9fcff23317db83340b0ff16bfc9544a2) Importer(815301076,1909f56bfc062723c751e8b465ee728b)
Start importing Assets/Game Buffs/Free Stylized Textures/Textures/Cracked_Asphalt_5/Cracked_Asphalt_5_Metallic.png using Guid(9fcff23317db83340b0ff16bfc9544a2) Importer(815301076,1909f56bfc062723c751e8b465ee728b)  -> (artifact id: 'd93740c16d19509c55a54430c7627c7f') in 0.013695 seconds 
========================================================================
Received Import Request.
  Time since last request: 0.000010 seconds.
  path: Assets/Game Buffs/Free Stylized Textures/Textures/Cracked_Asphalt_5/Cracked_Asphalt_5_Mask.png
  artifactKey: Guid(bacf31a9a28ed174c83d2bbfadf66599) Importer(815301076,1909f56bfc062723c751e8b465ee728b)
Start importing Assets/Game Buffs/Free Stylized Textures/Textures/Cracked_Asphalt_5/Cracked_Asphalt_5_Mask.png using Guid(bacf31a9a28ed174c83d2bbfadf66599) Importer(815301076,1909f56bfc062723c751e8b465ee728b)  -> (artifact id: '09e0b8450cfd2479e4e1804d2e7a37bb') in 0.021479 seconds 
========================================================================
Received Import Request.
  Time since last request: 1.875129 seconds.
  path: Assets/Game Buffs/Free Stylized Textures/Textures/Cliff_Rock_Surface_21/Cliff_Rock_Surface_21_AO.png
  artifactKey: Guid(4e44aa325c9690049acdf59b6e44d633) Importer(815301076,1909f56bfc062723c751e8b465ee728b)
Start importing Assets/Game Buffs/Free Stylized Textures/Textures/Cliff_Rock_Surface_21/Cliff_Rock_Surface_21_AO.png using Guid(4e44aa325c9690049acdf59b6e44d633) Importer(815301076,1909f56bfc062723c751e8b465ee728b)  -> (artifact id: '2dcd524ccf0efa495c78775035be7e17') in 0.009137 seconds 
========================================================================
Received Import Request.
  Time since last request: 0.000010 seconds.
  path: Assets/Game Buffs/Free Stylized Textures/Textures/Cliff_Rock_Surface_21/Cliff_Rock_Surface_21_Mask.png
  artifactKey: Guid(360ac26dd68ef1c47bbaafa498c72177) Importer(815301076,1909f56bfc062723c751e8b465ee728b)
Start importing Assets/Game Buffs/Free Stylized Textures/Textures/Cliff_Rock_Surface_21/Cliff_Rock_Surface_21_Mask.png using Guid(360ac26dd68ef1c47bbaafa498c72177) Importer(815301076,1909f56bfc062723c751e8b465ee728b)  -> (artifact id: '76331b284b13f78e6fa869d1144629e9') in 0.015875 seconds 
========================================================================
Received Import Request.
  Time since last request: 0.000013 seconds.
  path: Assets/Game Buffs/Free Stylized Textures/Textures/Cliff_Rock_Surface_21/Cliff_Rock_Surface_21_Normal.png
  artifactKey: Guid(11e2d8d411086ad4f9e7df45f8ffb7f1) Importer(815301076,1909f56bfc062723c751e8b465ee728b)
Start importing Assets/Game Buffs/Free Stylized Textures/Textures/Cliff_Rock_Surface_21/Cliff_Rock_Surface_21_Normal.png using Guid(11e2d8d411086ad4f9e7df45f8ffb7f1) Importer(815301076,1909f56bfc062723c751e8b465ee728b)  -> (artifact id: '768e2d7d0b5511c8512823bd618693a6') in 0.010726 seconds 
========================================================================
Received Import Request.
  Time since last request: 1.197258 seconds.
  path: Assets/Game Buffs/Free Stylized Textures/Textures/Brick_Wall_18/Brick_Wall_18_AO.png
  artifactKey: Guid(1ad745fb27083754dbad481983560d24) Importer(815301076,1909f56bfc062723c751e8b465ee728b)
Start importing Assets/Game Buffs/Free Stylized Textures/Textures/Brick_Wall_18/Brick_Wall_18_AO.png using Guid(1ad745fb27083754dbad481983560d24) Importer(815301076,1909f56bfc062723c751e8b465ee728b)  -> (artifact id: 'd2f7c9cb6c4ea8ce2b9356ec66096320') in 0.009379 seconds 
========================================================================
Received Import Request.
  Time since last request: 0.000009 seconds.
  path: Assets/Game Buffs/Free Stylized Textures/Textures/Brick_Wall_18/Brick_Wall_18_Normal.png
  artifactKey: Guid(f0af74708c1b40c4399cd23b2c81543f) Importer(815301076,1909f56bfc062723c751e8b465ee728b)
Start importing Assets/Game Buffs/Free Stylized Textures/Textures/Brick_Wall_18/Brick_Wall_18_Normal.png using Guid(f0af74708c1b40c4399cd23b2c81543f) Importer(815301076,1909f56bfc062723c751e8b465ee728b)  -> (artifact id: '8430d1b9b84e99ff05073bcdd3bfb5d1') in 0.014455 seconds 
========================================================================
Received Import Request.
  Time since last request: 0.000009 seconds.
  path: Assets/Game Buffs/Free Stylized Textures/Textures/Brick_Wall_18/Brick_Wall_18_Height.png
  artifactKey: Guid(f74ecdbea246d654093764960df763b6) Importer(815301076,1909f56bfc062723c751e8b465ee728b)
Start importing Assets/Game Buffs/Free Stylized Textures/Textures/Brick_Wall_18/Brick_Wall_18_Height.png using Guid(f74ecdbea246d654093764960df763b6) Importer(815301076,1909f56bfc062723c751e8b465ee728b)  -> (artifact id: 'ac525722de33493555d2479123f9c3ff') in 0.019304 seconds 
========================================================================
Received Import Request.
  Time since last request: 0.481314 seconds.
  path: Assets/Game Buffs/Free Stylized Textures/Textures/Bones_Debris_1/Bones_Debris_1_AO.png
  artifactKey: Guid(d5cf8e48578a4b74bb4ccbf943e80438) Importer(815301076,1909f56bfc062723c751e8b465ee728b)
Start importing Assets/Game Buffs/Free Stylized Textures/Textures/Bones_Debris_1/Bones_Debris_1_AO.png using Guid(d5cf8e48578a4b74bb4ccbf943e80438) Importer(815301076,1909f56bfc062723c751e8b465ee728b)  -> (artifact id: '95c8b414e060c9228f1883c4dd4fc22e') in 0.008608 seconds 
========================================================================
Received Import Request.
  Time since last request: 0.000014 seconds.
  path: Assets/Game Buffs/Free Stylized Textures/Textures/Bones_Debris_1/Bones_Debris_1_Normal.png
  artifactKey: Guid(db6a65e2b1692ab488065dc53b3a8301) Importer(815301076,1909f56bfc062723c751e8b465ee728b)
Start importing Assets/Game Buffs/Free Stylized Textures/Textures/Bones_Debris_1/Bones_Debris_1_Normal.png using Guid(db6a65e2b1692ab488065dc53b3a8301) Importer(815301076,1909f56bfc062723c751e8b465ee728b)  -> (artifact id: 'a43d8f790f3243d3beb83140657df95c') in 0.013853 seconds 
========================================================================
Received Import Request.
  Time since last request: 0.000011 seconds.
  path: Assets/Game Buffs/Free Stylized Textures/Textures/Bones_Debris_1/Bones_Debris_1_Metallic.png
  artifactKey: Guid(b16445e549580464fbc4399cbbaa27d6) Importer(815301076,1909f56bfc062723c751e8b465ee728b)
Start importing Assets/Game Buffs/Free Stylized Textures/Textures/Bones_Debris_1/Bones_Debris_1_Metallic.png using Guid(b16445e549580464fbc4399cbbaa27d6) Importer(815301076,1909f56bfc062723c751e8b465ee728b)  -> (artifact id: '76886adea3ef9b8a98b7fb98aa0517c7') in 0.016310 seconds 
========================================================================
Received Import Request.
  Time since last request: 1.329629 seconds.
  path: Assets/Game Buffs/Free Stylized Textures/Textures/Arctic_Forest_Ground_12/Arctic_Forest_Ground_12_AO.png
  artifactKey: Guid(74e5c22098615bf4ba07542ade29f214) Importer(815301076,1909f56bfc062723c751e8b465ee728b)
Start importing Assets/Game Buffs/Free Stylized Textures/Textures/Arctic_Forest_Ground_12/Arctic_Forest_Ground_12_AO.png using Guid(74e5c22098615bf4ba07542ade29f214) Importer(815301076,1909f56bfc062723c751e8b465ee728b)  -> (artifact id: 'da0f02a5530183072a901782c674608b') in 0.010186 seconds 
========================================================================
Received Import Request.
  Time since last request: 0.000011 seconds.
  path: Assets/Game Buffs/Free Stylized Textures/Textures/Arctic_Forest_Ground_12/Arctic_Forest_Ground_12_Roughness.png
  artifactKey: Guid(ab74000d038185f4e8166bb517673d00) Importer(815301076,1909f56bfc062723c751e8b465ee728b)
Start importing Assets/Game Buffs/Free Stylized Textures/Textures/Arctic_Forest_Ground_12/Arctic_Forest_Ground_12_Roughness.png using Guid(ab74000d038185f4e8166bb517673d00) Importer(815301076,1909f56bfc062723c751e8b465ee728b)  -> (artifact id: '0748f14d039e6cc2b25ec3c1db4deaa3') in 0.016269 seconds 
Editor requested this worker to shutdown with reason: Scaling down because of idle timeout
AssetImportWorker is now disconnected from the server
Process exiting
Exiting without the bug reporter. Application will terminate with return code 0