Using pre-set license
Built from '2021.3/release' branch; Version is '2021.3.17f1 (3e8111cac19d) revision 4096273'; Using compiler version '192829333'; Build Type 'Release'
OS: 'Windows 10  (10.0.19044) 64bit Professional' Language: 'en' Physical Memory: 32671 MB
BatchMode: 1, IsHumanControllingUs: 0, StartBugReporterOnCrash: 0, Is64bit: 1, IsPro: 1

COMMAND LINE ARGUMENTS:
C:\Program Files\Unity\Hub\Editor\2021.3.17f1\Editor\Unity.exe
-adb2
-batchMode
-noUpm
-name
AssetImportWorker4
-projectPath
C:/Users/RyzenBox/Documents/GitHub/Roots
-logFile
Logs/AssetImportWorker4.log
-srvPort
59826
Successfully changed project path to: C:/Users/RyzenBox/Documents/GitHub/Roots
C:/Users/RyzenBox/Documents/GitHub/Roots
[UnityMemory] Configuration Parameters - Can be set up in boot.config
    "memorysetup-bucket-allocator-granularity=16"
    "memorysetup-bucket-allocator-bucket-count=8"
    "memorysetup-bucket-allocator-block-size=33554432"
    "memorysetup-bucket-allocator-block-count=8"
    "memorysetup-main-allocator-block-size=16777216"
    "memorysetup-thread-allocator-block-size=16777216"
    "memorysetup-gfx-main-allocator-block-size=16777216"
    "memorysetup-gfx-thread-allocator-block-size=16777216"
    "memorysetup-cache-allocator-block-size=4194304"
    "memorysetup-typetree-allocator-block-size=2097152"
    "memorysetup-profiler-bucket-allocator-granularity=16"
    "memorysetup-profiler-bucket-allocator-bucket-count=8"
    "memorysetup-profiler-bucket-allocator-block-size=33554432"
    "memorysetup-profiler-bucket-allocator-block-count=8"
    "memorysetup-profiler-allocator-block-size=16777216"
    "memorysetup-profiler-editor-allocator-block-size=1048576"
    "memorysetup-temp-allocator-size-main=16777216"
    "memorysetup-job-temp-allocator-block-size=2097152"
    "memorysetup-job-temp-allocator-block-size-background=1048576"
    "memorysetup-job-temp-allocator-reduction-small-platforms=262144"
    "memorysetup-temp-allocator-size-background-worker=32768"
    "memorysetup-temp-allocator-size-job-worker=262144"
    "memorysetup-temp-allocator-size-preload-manager=33554432"
    "memorysetup-temp-allocator-size-nav-mesh-worker=65536"
    "memorysetup-temp-allocator-size-audio-worker=65536"
    "memorysetup-temp-allocator-size-cloud-worker=32768"
    "memorysetup-temp-allocator-size-gi-baking-worker=262144"
    "memorysetup-temp-allocator-size-gfx=262144"
Player connection [7532] Host "[IP] 192.168.254.195 [Port] 0 [Flags] 2 [Guid] 3172127225 [EditorId] 3172127225 [Version] 1048832 [Id] WindowsEditor(7,DESKTOP-C16A4CE) [Debug] 1 [PackageName] WindowsEditor [ProjectName] Editor" joined multi-casting on [225.0.0.222:54997]...

Player connection [7532] Host "[IP] 192.168.254.195 [Port] 0 [Flags] 2 [Guid] 3172127225 [EditorId] 3172127225 [Version] 1048832 [Id] WindowsEditor(7,DESKTOP-C16A4CE) [Debug] 1 [PackageName] WindowsEditor [ProjectName] Editor" joined alternative multi-casting on [225.0.0.222:34997]...

Refreshing native plugins compatible for Editor in 72.27 ms, found 3 plugins.
Preloading 0 native plugins for Editor in 0.00 ms.
Initialize engine version: 2021.3.17f1 (3e8111cac19d)
[Subsystems] Discovering subsystems at path C:/Program Files/Unity/Hub/Editor/2021.3.17f1/Editor/Data/Resources/UnitySubsystems
[Subsystems] Discovering subsystems at path C:/Users/RyzenBox/Documents/GitHub/Roots/Assets
GfxDevice: creating device client; threaded=0; jobified=0
Direct3D:
    Version:  Direct3D 11.0 [level 11.1]
    Renderer: AMD Radeon RX 6800 XT (ID=0x73bf)
    Vendor:   ATI
    VRAM:     16338 MB
    Driver:   31.0.12029.10015
Initialize mono
Mono path[0] = 'C:/Program Files/Unity/Hub/Editor/2021.3.17f1/Editor/Data/Managed'
Mono path[1] = 'C:/Program Files/Unity/Hub/Editor/2021.3.17f1/Editor/Data/MonoBleedingEdge/lib/mono/unityjit-win32'
Mono config path = 'C:/Program Files/Unity/Hub/Editor/2021.3.17f1/Editor/Data/MonoBleedingEdge/etc'
Using monoOptions --debugger-agent=transport=dt_socket,embedding=1,server=y,suspend=n,address=127.0.0.1:56580
Begin MonoManager ReloadAssembly
Registering precompiled unity dll's ...
Register platform support module: C:/Program Files/Unity/Hub/Editor/2021.3.17f1/Editor/Data/PlaybackEngines/WindowsStandaloneSupport/UnityEditor.WindowsStandalone.Extensions.dll
Registered in 0.005283 seconds.
Native extension for WindowsStandalone target not found
Refreshing native plugins compatible for Editor in 70.49 ms, found 3 plugins.
Preloading 0 native plugins for Editor in 0.00 ms.
Mono: successfully reloaded assembly
- Completed reload, in  0.488 seconds
Domain Reload Profiling:
	ReloadAssembly (488ms)
		BeginReloadAssembly (61ms)
			ExecutionOrderSort (0ms)
			DisableScriptedObjects (0ms)
			BackupInstance (0ms)
			ReleaseScriptingObjects (0ms)
			CreateAndSetChildDomain (1ms)
		EndReloadAssembly (346ms)
			LoadAssemblies (59ms)
			RebuildTransferFunctionScriptingTraits (0ms)
			SetupTypeCache (69ms)
			ReleaseScriptCaches (0ms)
			RebuildScriptCaches (18ms)
			SetupLoadedEditorAssemblies (219ms)
				LogAssemblyErrors (0ms)
				InitializePlatformSupportModulesInManaged (6ms)
				SetLoadedEditorAssemblies (0ms)
				RefreshPlugins (71ms)
				BeforeProcessingInitializeOnLoad (1ms)
				ProcessInitializeOnLoadAttributes (109ms)
				ProcessInitializeOnLoadMethodAttributes (32ms)
				AfterProcessingInitializeOnLoad (0ms)
				EditorAssembliesLoaded (0ms)
			ExecutionOrderSort2 (0ms)
			AwakeInstancesAfterBackupRestoration (0ms)
Platform modules already initialized, skipping
Registering precompiled user dll's ...
Registered in 0.004669 seconds.
Begin MonoManager ReloadAssembly
Symbol file LoadedFromMemory doesn't match image C:\Users\RyzenBox\Documents\GitHub\Roots\Library\PackageCache\com.unity.visualscripting@1.8.0\Editor\VisualScripting.Core\Dependencies\YamlDotNet\Unity.VisualScripting.YamlDotNet.dll
Symbol file LoadedFromMemory doesn't match image C:\Users\RyzenBox\Documents\GitHub\Roots\Library\PackageCache\com.unity.visualscripting@1.8.0\Editor\VisualScripting.Core\Dependencies\DotNetZip\Unity.VisualScripting.IonicZip.dll
Native extension for WindowsStandalone target not found
Refreshing native plugins compatible for Editor in 0.53 ms, found 3 plugins.
Preloading 0 native plugins for Editor in 0.00 ms.
Mono: successfully reloaded assembly
- Completed reload, in  0.743 seconds
Domain Reload Profiling:
	ReloadAssembly (744ms)
		BeginReloadAssembly (81ms)
			ExecutionOrderSort (0ms)
			DisableScriptedObjects (5ms)
			BackupInstance (0ms)
			ReleaseScriptingObjects (0ms)
			CreateAndSetChildDomain (14ms)
		EndReloadAssembly (579ms)
			LoadAssemblies (59ms)
			RebuildTransferFunctionScriptingTraits (0ms)
			SetupTypeCache (179ms)
			ReleaseScriptCaches (0ms)
			RebuildScriptCaches (32ms)
			SetupLoadedEditorAssemblies (276ms)
				LogAssemblyErrors (0ms)
				InitializePlatformSupportModulesInManaged (4ms)
				SetLoadedEditorAssemblies (0ms)
				RefreshPlugins (1ms)
				BeforeProcessingInitializeOnLoad (70ms)
				ProcessInitializeOnLoadAttributes (177ms)
				ProcessInitializeOnLoadMethodAttributes (18ms)
				AfterProcessingInitializeOnLoad (6ms)
				EditorAssembliesLoaded (0ms)
			ExecutionOrderSort2 (0ms)
			AwakeInstancesAfterBackupRestoration (6ms)
Platform modules already initialized, skipping
========================================================================
Worker process is ready to serve import requests
Launched and connected shader compiler UnityShaderCompiler.exe after 0.04 seconds
Refreshing native plugins compatible for Editor in 0.72 ms, found 3 plugins.
Preloading 0 native plugins for Editor in 0.00 ms.
Unloading 3377 Unused Serialized files (Serialized files now loaded: 0)
Unloading 27 unused Assets / (113.5 KB). Loaded Objects now: 3834.
Memory consumption went from 115.6 MB to 115.5 MB.
Total: 2.259700 ms (FindLiveObjects: 0.136800 ms CreateObjectMapping: 0.080600 ms MarkObjects: 1.980300 ms  DeleteObjects: 0.061400 ms)

AssetImportParameters requested are different than current active one (requested -> active):
  custom:video-decoder-ogg-theora: a1e56fd34408186e4bbccfd4996cb3dc -> 
  custom:container-muxer-webm: aa71ff27fc2769a1b78a27578f13a17b -> 
  custom:container-demuxer-webm: 4f35f7cbe854078d1ac9338744f61a02 -> 
  custom:video-encoder-webm-vp8: eb34c28f22e8b96e1ab97ce403110664 -> 
  custom:audio-encoder-webm-vorbis: bf7c407c2cedff20999df2af8eb42d56 -> 
  custom:framework-win-MediaFoundation: 216162199b28c13a410421893ffa2e32 -> 
  custom:container-demuxer-ogg: 62fdf1f143b41e24485cea50d1cbac27 -> 
  custom:video-decoder-webm-vp8: 9c59270c3fd7afecdb556c50c9e8de78 -> 
  custom:audio-decoder-ogg-vorbis: bf7c407c2cedff20999df2af8eb42d56 -> 
========================================================================
Received Import Request.
  Time since last request: 93731.447707 seconds.
  path: Assets/Game Buffs/Free Stylized Textures/Textures/Rippled_Sand_2/Rippled_Sand_2.mat
  artifactKey: Guid(6440a4fabadf0b2418799a6034f7c41e) Importer(815301076,1909f56bfc062723c751e8b465ee728b)
Start importing Assets/Game Buffs/Free Stylized Textures/Textures/Rippled_Sand_2/Rippled_Sand_2.mat using Guid(6440a4fabadf0b2418799a6034f7c41e) Importer(815301076,1909f56bfc062723c751e8b465ee728b)  -> (artifact id: 'db2cfd673ba012171a86cc9f10a72bce') in 0.280300 seconds 
========================================================================
Received Import Request.
  Time since last request: 0.457406 seconds.
  path: Assets/Game Buffs/Free Stylized Textures/Textures/Rocky_Dirt_2/Rocky_Dirt_2.mat
  artifactKey: Guid(ddd10674df31094449f8bca62191f0c6) Importer(815301076,1909f56bfc062723c751e8b465ee728b)
Start importing Assets/Game Buffs/Free Stylized Textures/Textures/Rocky_Dirt_2/Rocky_Dirt_2.mat using Guid(ddd10674df31094449f8bca62191f0c6) Importer(815301076,1909f56bfc062723c751e8b465ee728b)  -> (artifact id: '9d602e4ce6e6e3ea7444ee21abbecded') in 0.021050 seconds 
========================================================================
Received Import Request.
  Time since last request: 0.000014 seconds.
  path: Assets/Game Buffs/Free Stylized Textures/Textures/Rocky_Dirt_2/Rocky_Dirt_2_Roughness.png
  artifactKey: Guid(64b2e7d536269544396745ea825e723c) Importer(815301076,1909f56bfc062723c751e8b465ee728b)
Start importing Assets/Game Buffs/Free Stylized Textures/Textures/Rocky_Dirt_2/Rocky_Dirt_2_Roughness.png using Guid(64b2e7d536269544396745ea825e723c) Importer(815301076,1909f56bfc062723c751e8b465ee728b)  -> (artifact id: 'befbfd0b49198bb56da5f2c115f5bbe9') in 0.030356 seconds 
========================================================================
Received Import Request.
  Time since last request: 1.421416 seconds.
  path: Assets/Game Buffs/Free Stylized Textures/Textures/Water_6/Water_6.mat
  artifactKey: Guid(7d53f22039b5eba47b74dccdc78bc951) Importer(815301076,1909f56bfc062723c751e8b465ee728b)
Start importing Assets/Game Buffs/Free Stylized Textures/Textures/Water_6/Water_6.mat using Guid(7d53f22039b5eba47b74dccdc78bc951) Importer(815301076,1909f56bfc062723c751e8b465ee728b)  -> (artifact id: '9bc6ebacf7b583bd022e781755e04513') in 0.015770 seconds 
========================================================================
Received Import Request.
  Time since last request: 0.000010 seconds.
  path: Assets/Game Buffs/Free Stylized Textures/Textures/Water_6/Water_6_Roughness.png
  artifactKey: Guid(76856a408ba934b49abc992063be3dd3) Importer(815301076,1909f56bfc062723c751e8b465ee728b)
Start importing Assets/Game Buffs/Free Stylized Textures/Textures/Water_6/Water_6_Roughness.png using Guid(76856a408ba934b49abc992063be3dd3) Importer(815301076,1909f56bfc062723c751e8b465ee728b)  -> (artifact id: '1b057fded740760ef1817faebb5e121e') in 0.010026 seconds 
========================================================================
Received Import Request.
  Time since last request: 0.443091 seconds.
  path: Assets/Game Buffs/Free Stylized Textures/Textures/Wood_Wall_1/Wood_Wall_1.mat
  artifactKey: Guid(99cc3500a09005e4c87b5cd6882fd351) Importer(815301076,1909f56bfc062723c751e8b465ee728b)
Start importing Assets/Game Buffs/Free Stylized Textures/Textures/Wood_Wall_1/Wood_Wall_1.mat using Guid(99cc3500a09005e4c87b5cd6882fd351) Importer(815301076,1909f56bfc062723c751e8b465ee728b)  -> (artifact id: '3e0a45df0f9de038158b9d6a0809f42d') in 0.016284 seconds 
========================================================================
Received Import Request.
  Time since last request: 0.000010 seconds.
  path: Assets/Game Buffs/Free Stylized Textures/Textures/Wood_Wall_1/Wood_Wall_1_Metallic.png
  artifactKey: Guid(9d9a3a5955ec62347b4b3705c49bdc57) Importer(815301076,1909f56bfc062723c751e8b465ee728b)
Start importing Assets/Game Buffs/Free Stylized Textures/Textures/Wood_Wall_1/Wood_Wall_1_Metallic.png using Guid(9d9a3a5955ec62347b4b3705c49bdc57) Importer(815301076,1909f56bfc062723c751e8b465ee728b)  -> (artifact id: '5ad6827b51a8391bccd7549418c6f7a5') in 0.012862 seconds 
========================================================================
Received Import Request.
  Time since last request: 592.101255 seconds.
  path: Assets/Game Buffs/Free Stylized Textures/Textures/Wood_Wall_1/Wood_Wall_1 1.mat
  artifactKey: Guid(713ca8cbc0bb8d14c87d49916c76adc3) Importer(815301076,1909f56bfc062723c751e8b465ee728b)
Start importing Assets/Game Buffs/Free Stylized Textures/Textures/Wood_Wall_1/Wood_Wall_1 1.mat using Guid(713ca8cbc0bb8d14c87d49916c76adc3) Importer(815301076,1909f56bfc062723c751e8b465ee728b)  -> (artifact id: '8bf0a3fa6e07348f92271d346faa5516') in 1.247800 seconds 
========================================================================
Received Import Request.
  Time since last request: 11.533197 seconds.
  path: Assets/Game Buffs/Free Stylized Textures/Textures/Wood_Wall_1/test root.mat
  artifactKey: Guid(713ca8cbc0bb8d14c87d49916c76adc3) Importer(815301076,1909f56bfc062723c751e8b465ee728b)
Start importing Assets/Game Buffs/Free Stylized Textures/Textures/Wood_Wall_1/test root.mat using Guid(713ca8cbc0bb8d14c87d49916c76adc3) Importer(815301076,1909f56bfc062723c751e8b465ee728b)  -> (artifact id: '3825cfb8d82945bd227dc3acdd63ef44') in 0.015298 seconds 
========================================================================
Received Import Request.
  Time since last request: 118.208693 seconds.
  path: Assets/Game Buffs/Free Stylized Textures/Textures/Test Root/test root.mat
  artifactKey: Guid(bb8e3446f988cb44883cf294a125420d) Importer(815301076,1909f56bfc062723c751e8b465ee728b)
Start importing Assets/Game Buffs/Free Stylized Textures/Textures/Test Root/test root.mat using Guid(bb8e3446f988cb44883cf294a125420d) Importer(815301076,1909f56bfc062723c751e8b465ee728b)  -> (artifact id: '1b273db97fcc95c6636fbe56c3f49e3e') in 0.015759 seconds 
========================================================================
Received Import Request.
  Time since last request: 0.000017 seconds.
  path: Assets/Game Buffs/Free Stylized Textures/Textures/Test Root/Wood_Wall_1_Normal.png
  artifactKey: Guid(5605d7f9107aff94994a85d845dc8ece) Importer(815301076,1909f56bfc062723c751e8b465ee728b)
Start importing Assets/Game Buffs/Free Stylized Textures/Textures/Test Root/Wood_Wall_1_Normal.png using Guid(5605d7f9107aff94994a85d845dc8ece) Importer(815301076,1909f56bfc062723c751e8b465ee728b)  -> (artifact id: '23b7efbba38ae48846e5f8293d004fd8') in 0.028571 seconds 
========================================================================
Received Import Request.
  Time since last request: 0.000013 seconds.
  path: Assets/Game Buffs/Free Stylized Textures/Textures/Test Root/Wood_Wall_1.terrainlayer
  artifactKey: Guid(3122aba481f818b4098a0644fa29f8c3) Importer(815301076,1909f56bfc062723c751e8b465ee728b)
Start importing Assets/Game Buffs/Free Stylized Textures/Textures/Test Root/Wood_Wall_1.terrainlayer using Guid(3122aba481f818b4098a0644fa29f8c3) Importer(815301076,1909f56bfc062723c751e8b465ee728b)  -> (artifact id: '1c77432c6bf5af040f88e6be5921aa9b') in 0.013397 seconds 
========================================================================
Received Import Request.
  Time since last request: 0.000013 seconds.
  path: Assets/Game Buffs/Free Stylized Textures/Textures/Test Root/Wood_Wall_1_Metallic.png
  artifactKey: Guid(25aacd4c47a4c434c8fc005b55365f41) Importer(815301076,1909f56bfc062723c751e8b465ee728b)
Start importing Assets/Game Buffs/Free Stylized Textures/Textures/Test Root/Wood_Wall_1_Metallic.png using Guid(25aacd4c47a4c434c8fc005b55365f41) Importer(815301076,1909f56bfc062723c751e8b465ee728b)  -> (artifact id: '98bf7ca2212f1658573c5aaf1068f5dc') in 0.006116 seconds 
========================================================================
Received Import Request.
  Time since last request: 54.035515 seconds.
  path: Assets/Game Buffs/Free Stylized Textures/Textures/Test Root/Wood_Wall_1_Albedo.png
  artifactKey: Guid(aec81be1466b86948bd735f2ddd76a56) Importer(815301076,1909f56bfc062723c751e8b465ee728b)
Start importing Assets/Game Buffs/Free Stylized Textures/Textures/Test Root/Wood_Wall_1_Albedo.png using Guid(aec81be1466b86948bd735f2ddd76a56) Importer(815301076,1909f56bfc062723c751e8b465ee728b)  -> (artifact id: 'a9d6c4d4b6f40a169cfedf39bae861f6') in 0.036944 seconds 
========================================================================
Received Import Request.
  Time since last request: 14.525153 seconds.
  path: Assets/Game Buffs/Free Stylized Textures/Textures/Test Root/Wood_Wall_1_Albedo.png
  artifactKey: Guid(aec81be1466b86948bd735f2ddd76a56) Importer(815301076,1909f56bfc062723c751e8b465ee728b)
Start importing Assets/Game Buffs/Free Stylized Textures/Textures/Test Root/Wood_Wall_1_Albedo.png using Guid(aec81be1466b86948bd735f2ddd76a56) Importer(815301076,1909f56bfc062723c751e8b465ee728b)  -> (artifact id: 'fd12df23ad3a3f6062c6b4b759422a1e') in 0.007090 seconds 
========================================================================
Received Import Request.
  Time since last request: 5.830123 seconds.
  path: Assets/Game Buffs/Free Stylized Textures/Textures/Test Root/Wood_Wall_1_AO.png
  artifactKey: Guid(30f5dace06157dd46aba2eaca13c8ad0) Importer(815301076,1909f56bfc062723c751e8b465ee728b)
Start importing Assets/Game Buffs/Free Stylized Textures/Textures/Test Root/Wood_Wall_1_AO.png using Guid(30f5dace06157dd46aba2eaca13c8ad0) Importer(815301076,1909f56bfc062723c751e8b465ee728b)  -> (artifact id: '3fe1da5d375356bbac6065db6e253172') in 0.033353 seconds 
========================================================================
Received Import Request.
  Time since last request: 0.000015 seconds.
  path: Assets/Game Buffs/Free Stylized Textures/Textures/Test Root/Wood_Wall_1_Normal.png
  artifactKey: Guid(5605d7f9107aff94994a85d845dc8ece) Importer(815301076,1909f56bfc062723c751e8b465ee728b)
Start importing Assets/Game Buffs/Free Stylized Textures/Textures/Test Root/Wood_Wall_1_Normal.png using Guid(5605d7f9107aff94994a85d845dc8ece) Importer(815301076,1909f56bfc062723c751e8b465ee728b)  -> (artifact id: '536868f7e0728971145f4befb1992eb7') in 0.025805 seconds 
========================================================================
Received Import Request.
  Time since last request: 0.000012 seconds.
  path: Assets/Game Buffs/Free Stylized Textures/Textures/Test Root/Wood_Wall_1_Mask.png
  artifactKey: Guid(95d05ed1f66dfd840bceb035884c2492) Importer(815301076,1909f56bfc062723c751e8b465ee728b)
Start importing Assets/Game Buffs/Free Stylized Textures/Textures/Test Root/Wood_Wall_1_Mask.png using Guid(95d05ed1f66dfd840bceb035884c2492) Importer(815301076,1909f56bfc062723c751e8b465ee728b)  -> (artifact id: '99a0a98742f43e8381c3f0e4a5340218') in 0.017745 seconds 
========================================================================
Received Import Request.
  Time since last request: 0.000013 seconds.
  path: Assets/Game Buffs/Free Stylized Textures/Textures/Test Root/Wood_Wall_1_Metallic.png
  artifactKey: Guid(25aacd4c47a4c434c8fc005b55365f41) Importer(815301076,1909f56bfc062723c751e8b465ee728b)
Start importing Assets/Game Buffs/Free Stylized Textures/Textures/Test Root/Wood_Wall_1_Metallic.png using Guid(25aacd4c47a4c434c8fc005b55365f41) Importer(815301076,1909f56bfc062723c751e8b465ee728b)  -> (artifact id: 'e0d0498b6de450cacaae52e0c8887114') in 0.019015 seconds 
Editor requested this worker to shutdown with reason: Scaling down because of idle timeout
AssetImportWorker is now disconnected from the server
Process exiting
Exiting without the bug reporter. Application will terminate with return code 0