Using pre-set license
Built from '2021.3/release' branch; Version is '2021.3.17f1 (3e8111cac19d) revision 4096273'; Using compiler version '192829333'; Build Type 'Release'
OS: 'Windows 10  (10.0.19044) 64bit Professional' Language: 'en' Physical Memory: 32671 MB
BatchMode: 1, IsHumanControllingUs: 0, StartBugReporterOnCrash: 0, Is64bit: 1, IsPro: 1

COMMAND LINE ARGUMENTS:
C:\Program Files\Unity\Hub\Editor\2021.3.17f1\Editor\Unity.exe
-adb2
-batchMode
-noUpm
-name
AssetImportWorker10
-projectPath
C:/Users/RyzenBox/Documents/GitHub/Roots
-logFile
Logs/AssetImportWorker10.log
-srvPort
59826
Successfully changed project path to: C:/Users/RyzenBox/Documents/GitHub/Roots
C:/Users/RyzenBox/Documents/GitHub/Roots
[UnityMemory] Configuration Parameters - Can be set up in boot.config
    "memorysetup-bucket-allocator-granularity=16"
    "memorysetup-bucket-allocator-bucket-count=8"
    "memorysetup-bucket-allocator-block-size=33554432"
    "memorysetup-bucket-allocator-block-count=8"
    "memorysetup-main-allocator-block-size=16777216"
    "memorysetup-thread-allocator-block-size=16777216"
    "memorysetup-gfx-main-allocator-block-size=16777216"
    "memorysetup-gfx-thread-allocator-block-size=16777216"
    "memorysetup-cache-allocator-block-size=4194304"
    "memorysetup-typetree-allocator-block-size=2097152"
    "memorysetup-profiler-bucket-allocator-granularity=16"
    "memorysetup-profiler-bucket-allocator-bucket-count=8"
    "memorysetup-profiler-bucket-allocator-block-size=33554432"
    "memorysetup-profiler-bucket-allocator-block-count=8"
    "memorysetup-profiler-allocator-block-size=16777216"
    "memorysetup-profiler-editor-allocator-block-size=1048576"
    "memorysetup-temp-allocator-size-main=16777216"
    "memorysetup-job-temp-allocator-block-size=2097152"
    "memorysetup-job-temp-allocator-block-size-background=1048576"
    "memorysetup-job-temp-allocator-reduction-small-platforms=262144"
    "memorysetup-temp-allocator-size-background-worker=32768"
    "memorysetup-temp-allocator-size-job-worker=262144"
    "memorysetup-temp-allocator-size-preload-manager=33554432"
    "memorysetup-temp-allocator-size-nav-mesh-worker=65536"
    "memorysetup-temp-allocator-size-audio-worker=65536"
    "memorysetup-temp-allocator-size-cloud-worker=32768"
    "memorysetup-temp-allocator-size-gi-baking-worker=262144"
    "memorysetup-temp-allocator-size-gfx=262144"
Player connection [13348] Host "[IP] 192.168.254.195 [Port] 0 [Flags] 2 [Guid] 3176373864 [EditorId] 3176373864 [Version] 1048832 [Id] WindowsEditor(7,DESKTOP-C16A4CE) [Debug] 1 [PackageName] WindowsEditor [ProjectName] Editor" joined multi-casting on [225.0.0.222:54997]...

Player connection [13348] Host "[IP] 192.168.254.195 [Port] 0 [Flags] 2 [Guid] 3176373864 [EditorId] 3176373864 [Version] 1048832 [Id] WindowsEditor(7,DESKTOP-C16A4CE) [Debug] 1 [PackageName] WindowsEditor [ProjectName] Editor" joined alternative multi-casting on [225.0.0.222:34997]...

Refreshing native plugins compatible for Editor in 64.18 ms, found 3 plugins.
Preloading 0 native plugins for Editor in 0.00 ms.
Initialize engine version: 2021.3.17f1 (3e8111cac19d)
[Subsystems] Discovering subsystems at path C:/Program Files/Unity/Hub/Editor/2021.3.17f1/Editor/Data/Resources/UnitySubsystems
[Subsystems] Discovering subsystems at path C:/Users/RyzenBox/Documents/GitHub/Roots/Assets
GfxDevice: creating device client; threaded=0; jobified=0
Direct3D:
    Version:  Direct3D 11.0 [level 11.1]
    Renderer: AMD Radeon RX 6800 XT (ID=0x73bf)
    Vendor:   ATI
    VRAM:     16338 MB
    Driver:   31.0.12029.10015
Initialize mono
Mono path[0] = 'C:/Program Files/Unity/Hub/Editor/2021.3.17f1/Editor/Data/Managed'
Mono path[1] = 'C:/Program Files/Unity/Hub/Editor/2021.3.17f1/Editor/Data/MonoBleedingEdge/lib/mono/unityjit-win32'
Mono config path = 'C:/Program Files/Unity/Hub/Editor/2021.3.17f1/Editor/Data/MonoBleedingEdge/etc'
Using monoOptions --debugger-agent=transport=dt_socket,embedding=1,server=y,suspend=n,address=127.0.0.1:56780
Begin MonoManager ReloadAssembly
Registering precompiled unity dll's ...
Register platform support module: C:/Program Files/Unity/Hub/Editor/2021.3.17f1/Editor/Data/PlaybackEngines/WindowsStandaloneSupport/UnityEditor.WindowsStandalone.Extensions.dll
Registered in 0.005016 seconds.
Native extension for WindowsStandalone target not found
Refreshing native plugins compatible for Editor in 64.38 ms, found 3 plugins.
Preloading 0 native plugins for Editor in 0.00 ms.
Mono: successfully reloaded assembly
- Completed reload, in  0.453 seconds
Domain Reload Profiling:
	ReloadAssembly (454ms)
		BeginReloadAssembly (50ms)
			ExecutionOrderSort (0ms)
			DisableScriptedObjects (0ms)
			BackupInstance (0ms)
			ReleaseScriptingObjects (0ms)
			CreateAndSetChildDomain (0ms)
		EndReloadAssembly (326ms)
			LoadAssemblies (48ms)
			RebuildTransferFunctionScriptingTraits (0ms)
			SetupTypeCache (65ms)
			ReleaseScriptCaches (0ms)
			RebuildScriptCaches (17ms)
			SetupLoadedEditorAssemblies (208ms)
				LogAssemblyErrors (0ms)
				InitializePlatformSupportModulesInManaged (6ms)
				SetLoadedEditorAssemblies (0ms)
				RefreshPlugins (64ms)
				BeforeProcessingInitializeOnLoad (1ms)
				ProcessInitializeOnLoadAttributes (104ms)
				ProcessInitializeOnLoadMethodAttributes (33ms)
				AfterProcessingInitializeOnLoad (0ms)
				EditorAssembliesLoaded (0ms)
			ExecutionOrderSort2 (0ms)
			AwakeInstancesAfterBackupRestoration (0ms)
Platform modules already initialized, skipping
Registering precompiled user dll's ...
Registered in 0.004174 seconds.
Begin MonoManager ReloadAssembly
Symbol file LoadedFromMemory doesn't match image C:\Users\RyzenBox\Documents\GitHub\Roots\Library\PackageCache\com.unity.visualscripting@1.8.0\Editor\VisualScripting.Core\Dependencies\YamlDotNet\Unity.VisualScripting.YamlDotNet.dll
Symbol file LoadedFromMemory doesn't match image C:\Users\RyzenBox\Documents\GitHub\Roots\Library\PackageCache\com.unity.visualscripting@1.8.0\Editor\VisualScripting.Core\Dependencies\DotNetZip\Unity.VisualScripting.IonicZip.dll
Native extension for WindowsStandalone target not found
Refreshing native plugins compatible for Editor in 0.44 ms, found 3 plugins.
Preloading 0 native plugins for Editor in 0.00 ms.
Mono: successfully reloaded assembly
- Completed reload, in  0.728 seconds
Domain Reload Profiling:
	ReloadAssembly (729ms)
		BeginReloadAssembly (77ms)
			ExecutionOrderSort (0ms)
			DisableScriptedObjects (4ms)
			BackupInstance (0ms)
			ReleaseScriptingObjects (0ms)
			CreateAndSetChildDomain (14ms)
		EndReloadAssembly (565ms)
			LoadAssemblies (54ms)
			RebuildTransferFunctionScriptingTraits (0ms)
			SetupTypeCache (179ms)
			ReleaseScriptCaches (0ms)
			RebuildScriptCaches (31ms)
			SetupLoadedEditorAssemblies (271ms)
				LogAssemblyErrors (0ms)
				InitializePlatformSupportModulesInManaged (4ms)
				SetLoadedEditorAssemblies (0ms)
				RefreshPlugins (0ms)
				BeforeProcessingInitializeOnLoad (67ms)
				ProcessInitializeOnLoadAttributes (175ms)
				ProcessInitializeOnLoadMethodAttributes (17ms)
				AfterProcessingInitializeOnLoad (7ms)
				EditorAssembliesLoaded (0ms)
			ExecutionOrderSort2 (0ms)
			AwakeInstancesAfterBackupRestoration (4ms)
Platform modules already initialized, skipping
========================================================================
Worker process is ready to serve import requests
Launched and connected shader compiler UnityShaderCompiler.exe after 0.04 seconds
Refreshing native plugins compatible for Editor in 0.61 ms, found 3 plugins.
Preloading 0 native plugins for Editor in 0.00 ms.
Unloading 3377 Unused Serialized files (Serialized files now loaded: 0)
Unloading 27 unused Assets / (113.7 KB). Loaded Objects now: 3849.
Memory consumption went from 201.0 MB to 200.9 MB.
Total: 2.323400 ms (FindLiveObjects: 0.174200 ms CreateObjectMapping: 0.104900 ms MarkObjects: 1.971300 ms  DeleteObjects: 0.072200 ms)

AssetImportParameters requested are different than current active one (requested -> active):
  custom:video-decoder-ogg-theora: a1e56fd34408186e4bbccfd4996cb3dc -> 
  custom:container-muxer-webm: aa71ff27fc2769a1b78a27578f13a17b -> 
  custom:container-demuxer-webm: 4f35f7cbe854078d1ac9338744f61a02 -> 
  custom:video-encoder-webm-vp8: eb34c28f22e8b96e1ab97ce403110664 -> 
  custom:audio-encoder-webm-vorbis: bf7c407c2cedff20999df2af8eb42d56 -> 
  custom:framework-win-MediaFoundation: 216162199b28c13a410421893ffa2e32 -> 
  custom:container-demuxer-ogg: 62fdf1f143b41e24485cea50d1cbac27 -> 
  custom:video-decoder-webm-vp8: 9c59270c3fd7afecdb556c50c9e8de78 -> 
  custom:audio-decoder-ogg-vorbis: bf7c407c2cedff20999df2af8eb42d56 -> 
========================================================================
Received Import Request.
  Time since last request: 94859.818615 seconds.
  path: Assets/Game Buffs/Free Stylized Textures/Textures/Muddy_Cracked_Sand_6/Muddy_Cracked_Sand_6.terrainlayer
  artifactKey: Guid(6b0f5643ff292b642a6b808df41ab8cb) Importer(815301076,1909f56bfc062723c751e8b465ee728b)
Start importing Assets/Game Buffs/Free Stylized Textures/Textures/Muddy_Cracked_Sand_6/Muddy_Cracked_Sand_6.terrainlayer using Guid(6b0f5643ff292b642a6b808df41ab8cb) Importer(815301076,1909f56bfc062723c751e8b465ee728b)  -> (artifact id: 'abfcb2030679128674f970f881e16c7e') in 0.083225 seconds 
========================================================================
Received Import Request.
  Time since last request: 0.674086 seconds.
  path: Assets/Game Buffs/Free Stylized Textures/Textures/Marble_Surface_20/Marble_Surface_20.terrainlayer
  artifactKey: Guid(86e65d635d58f4c4f9701c800bf21157) Importer(815301076,1909f56bfc062723c751e8b465ee728b)
Start importing Assets/Game Buffs/Free Stylized Textures/Textures/Marble_Surface_20/Marble_Surface_20.terrainlayer using Guid(86e65d635d58f4c4f9701c800bf21157) Importer(815301076,1909f56bfc062723c751e8b465ee728b)  -> (artifact id: 'd7a7a6967ddf4f74e07085c844bfecb9') in 0.030714 seconds 
========================================================================
Received Import Request.
  Time since last request: 1.247961 seconds.
  path: Assets/Game Buffs/Free Stylized Textures/Textures/Lava_And_Pavement_2/Lava_And_Pavement_2.terrainlayer
  artifactKey: Guid(3f3d1a48d32f968449a5a1a505be35de) Importer(815301076,1909f56bfc062723c751e8b465ee728b)
Start importing Assets/Game Buffs/Free Stylized Textures/Textures/Lava_And_Pavement_2/Lava_And_Pavement_2.terrainlayer using Guid(3f3d1a48d32f968449a5a1a505be35de) Importer(815301076,1909f56bfc062723c751e8b465ee728b)  -> (artifact id: '8b3dbaad4315390fee6ac2cf3532c7af') in 0.017663 seconds 
========================================================================
Received Import Request.
  Time since last request: 0.000011 seconds.
  path: Assets/Game Buffs/Free Stylized Textures/Textures/Lava_And_Pavement_2/Lava_And_Pavement_2_Metallic.png
  artifactKey: Guid(a5aa918457065f84bb60922d550932c4) Importer(815301076,1909f56bfc062723c751e8b465ee728b)
Start importing Assets/Game Buffs/Free Stylized Textures/Textures/Lava_And_Pavement_2/Lava_And_Pavement_2_Metallic.png using Guid(a5aa918457065f84bb60922d550932c4) Importer(815301076,1909f56bfc062723c751e8b465ee728b)  -> (artifact id: '39b781d184a1f5528b19dae4ff3d7def') in 0.035511 seconds 
========================================================================
Received Import Request.
  Time since last request: 0.494127 seconds.
  path: Assets/Game Buffs/Free Stylized Textures/Textures/Grass_37/Grass_37.terrainlayer
  artifactKey: Guid(b92e9169436181d499fd8aa2d656ea19) Importer(815301076,1909f56bfc062723c751e8b465ee728b)
Start importing Assets/Game Buffs/Free Stylized Textures/Textures/Grass_37/Grass_37.terrainlayer using Guid(b92e9169436181d499fd8aa2d656ea19) Importer(815301076,1909f56bfc062723c751e8b465ee728b)  -> (artifact id: '247c20d0824c747a6c93b7d3de06dc9d') in 0.017318 seconds 
========================================================================
Received Import Request.
  Time since last request: 0.000013 seconds.
  path: Assets/Game Buffs/Free Stylized Textures/Textures/Grass_37/Grass_37_Normal.png
  artifactKey: Guid(19bdb1d041a89e044b2a3411604642ed) Importer(815301076,1909f56bfc062723c751e8b465ee728b)
Start importing Assets/Game Buffs/Free Stylized Textures/Textures/Grass_37/Grass_37_Normal.png using Guid(19bdb1d041a89e044b2a3411604642ed) Importer(815301076,1909f56bfc062723c751e8b465ee728b)  -> (artifact id: '9992d24f1fca7d70294b9dfe7b972256') in 0.023261 seconds 
========================================================================
Received Import Request.
  Time since last request: 1.145040 seconds.
  path: Assets/Game Buffs/Free Stylized Textures/Textures/Fur_3/Fur_3.terrainlayer
  artifactKey: Guid(34826b2de2af5844388ae2c7896cc8cf) Importer(815301076,1909f56bfc062723c751e8b465ee728b)
Start importing Assets/Game Buffs/Free Stylized Textures/Textures/Fur_3/Fur_3.terrainlayer using Guid(34826b2de2af5844388ae2c7896cc8cf) Importer(815301076,1909f56bfc062723c751e8b465ee728b)  -> (artifact id: '17bef2ca3bd8ad002c47200d283cf173') in 0.021235 seconds 
========================================================================
Received Import Request.
  Time since last request: 0.000015 seconds.
  path: Assets/Game Buffs/Free Stylized Textures/Textures/Fur_3/Fur_3_Roughness.png
  artifactKey: Guid(81206de891e13764b9ab369fc40c8f6d) Importer(815301076,1909f56bfc062723c751e8b465ee728b)
Start importing Assets/Game Buffs/Free Stylized Textures/Textures/Fur_3/Fur_3_Roughness.png using Guid(81206de891e13764b9ab369fc40c8f6d) Importer(815301076,1909f56bfc062723c751e8b465ee728b)  -> (artifact id: 'aed03cbfd90a60e4bacb99a667d0f912') in 0.008711 seconds 
========================================================================
Received Import Request.
  Time since last request: 0.359597 seconds.
  path: Assets/Game Buffs/Free Stylized Textures/Textures/Forest_Ground_38/Forest_Ground_38.terrainlayer
  artifactKey: Guid(a1cd118fc8b2b58458ecd14b3b7566ae) Importer(815301076,1909f56bfc062723c751e8b465ee728b)
Start importing Assets/Game Buffs/Free Stylized Textures/Textures/Forest_Ground_38/Forest_Ground_38.terrainlayer using Guid(a1cd118fc8b2b58458ecd14b3b7566ae) Importer(815301076,1909f56bfc062723c751e8b465ee728b)  -> (artifact id: '5b42cc59dbfda6b4023aba5ec8d29662') in 0.020069 seconds 
========================================================================
Received Import Request.
  Time since last request: 0.000011 seconds.
  path: Assets/Game Buffs/Free Stylized Textures/Textures/Forest_Ground_38/Forest_Ground_38_Metallic.png
  artifactKey: Guid(8fc20c584a900714f85f22ea2bf4dae1) Importer(815301076,1909f56bfc062723c751e8b465ee728b)
Start importing Assets/Game Buffs/Free Stylized Textures/Textures/Forest_Ground_38/Forest_Ground_38_Metallic.png using Guid(8fc20c584a900714f85f22ea2bf4dae1) Importer(815301076,1909f56bfc062723c751e8b465ee728b)  -> (artifact id: 'd6750005789678ed753cd3a913f98a07') in 0.010652 seconds 
========================================================================
Received Import Request.
  Time since last request: 1.031714 seconds.
  path: Assets/Game Buffs/Free Stylized Textures/Textures/Dirty_Snow_2/Dirty_Snow_2.terrainlayer
  artifactKey: Guid(0effe87e1e3a4cb4db3335f1cbda8cb0) Importer(815301076,1909f56bfc062723c751e8b465ee728b)
Start importing Assets/Game Buffs/Free Stylized Textures/Textures/Dirty_Snow_2/Dirty_Snow_2.terrainlayer using Guid(0effe87e1e3a4cb4db3335f1cbda8cb0) Importer(815301076,1909f56bfc062723c751e8b465ee728b)  -> (artifact id: '3eb4a6a11cfdbeaa646a047d88db6469') in 0.019556 seconds 
========================================================================
Received Import Request.
  Time since last request: 0.000012 seconds.
  path: Assets/Game Buffs/Free Stylized Textures/Textures/Dirty_Snow_2/Dirty_Snow_2_Metallic.png
  artifactKey: Guid(499407c85a2566b48ad8cae1b16b8d60) Importer(815301076,1909f56bfc062723c751e8b465ee728b)
Start importing Assets/Game Buffs/Free Stylized Textures/Textures/Dirty_Snow_2/Dirty_Snow_2_Metallic.png using Guid(499407c85a2566b48ad8cae1b16b8d60) Importer(815301076,1909f56bfc062723c751e8b465ee728b)  -> (artifact id: 'e394239f06a668ee16f01abb55d190c9') in 0.008756 seconds 
========================================================================
Received Import Request.
  Time since last request: 0.876391 seconds.
  path: Assets/Game Buffs/Free Stylized Textures/Textures/Crystal_Surface_1/Crystal_Surface_1.terrainlayer
  artifactKey: Guid(a9ab326ffcc066e4886f16e0ced1b7e5) Importer(815301076,1909f56bfc062723c751e8b465ee728b)
Start importing Assets/Game Buffs/Free Stylized Textures/Textures/Crystal_Surface_1/Crystal_Surface_1.terrainlayer using Guid(a9ab326ffcc066e4886f16e0ced1b7e5) Importer(815301076,1909f56bfc062723c751e8b465ee728b)  -> (artifact id: 'e81a6585b7a87c5f319f4f3af1a462b0') in 0.020985 seconds 
========================================================================
Received Import Request.
  Time since last request: 0.000012 seconds.
  path: Assets/Game Buffs/Free Stylized Textures/Textures/Crystal_Surface_1/Crystal_Surface_1_Mask.png
  artifactKey: Guid(4d86138277725b7429d148b2a1436ae7) Importer(815301076,1909f56bfc062723c751e8b465ee728b)
Start importing Assets/Game Buffs/Free Stylized Textures/Textures/Crystal_Surface_1/Crystal_Surface_1_Mask.png using Guid(4d86138277725b7429d148b2a1436ae7) Importer(815301076,1909f56bfc062723c751e8b465ee728b)  -> (artifact id: '40a9a834eb185750b0e84c230684c62b') in 0.023322 seconds 
========================================================================
Received Import Request.
  Time since last request: 0.517952 seconds.
  path: Assets/Game Buffs/Free Stylized Textures/Textures/Cracked_Ice_4/Cracked_Ice_4.terrainlayer
  artifactKey: Guid(5c2e2d0606efa2b4f90018fc3431f33b) Importer(815301076,1909f56bfc062723c751e8b465ee728b)
Start importing Assets/Game Buffs/Free Stylized Textures/Textures/Cracked_Ice_4/Cracked_Ice_4.terrainlayer using Guid(5c2e2d0606efa2b4f90018fc3431f33b) Importer(815301076,1909f56bfc062723c751e8b465ee728b)  -> (artifact id: '0a7f27fd1b15a4731695605705fc157b') in 0.021141 seconds 
========================================================================
Received Import Request.
  Time since last request: 0.000017 seconds.
  path: Assets/Game Buffs/Free Stylized Textures/Textures/Cracked_Ice_4/Cracked_Ice_4_Metallic.png
  artifactKey: Guid(b438812bdc1c7514ead62ba967019caa) Importer(815301076,1909f56bfc062723c751e8b465ee728b)
Start importing Assets/Game Buffs/Free Stylized Textures/Textures/Cracked_Ice_4/Cracked_Ice_4_Metallic.png using Guid(b438812bdc1c7514ead62ba967019caa) Importer(815301076,1909f56bfc062723c751e8b465ee728b)  -> (artifact id: 'c4b3f0244b27f8717e2ab4ed1f4ec478') in 0.009940 seconds 
========================================================================
Received Import Request.
  Time since last request: 0.795096 seconds.
  path: Assets/Game Buffs/Free Stylized Textures/Textures/Cracked_Concrete_26/Cracked_Concrete_26.terrainlayer
  artifactKey: Guid(98cfa48405778b743938bd8658dd205e) Importer(815301076,1909f56bfc062723c751e8b465ee728b)
Start importing Assets/Game Buffs/Free Stylized Textures/Textures/Cracked_Concrete_26/Cracked_Concrete_26.terrainlayer using Guid(98cfa48405778b743938bd8658dd205e) Importer(815301076,1909f56bfc062723c751e8b465ee728b)  -> (artifact id: '3b787f7c3e56d5e7d3991fbd8f299f87') in 0.027311 seconds 
========================================================================
Received Import Request.
  Time since last request: 0.000012 seconds.
  path: Assets/Game Buffs/Free Stylized Textures/Textures/Cracked_Concrete_26/Cracked_Concrete_26_Metallic.png
  artifactKey: Guid(38aba82a95eb1474f8797146a5bd223f) Importer(815301076,1909f56bfc062723c751e8b465ee728b)
Start importing Assets/Game Buffs/Free Stylized Textures/Textures/Cracked_Concrete_26/Cracked_Concrete_26_Metallic.png using Guid(38aba82a95eb1474f8797146a5bd223f) Importer(815301076,1909f56bfc062723c751e8b465ee728b)  -> (artifact id: '8ba5cd2585394cf6dfb4957f23821206') in 0.018036 seconds 
========================================================================
Received Import Request.
  Time since last request: 1.642691 seconds.
  path: Assets/Game Buffs/Free Stylized Textures/Textures/Cracked_Asphalt_5/Cracked_Asphalt_5.terrainlayer
  artifactKey: Guid(aa112416e2ec67d40be11e2c95308f7c) Importer(815301076,1909f56bfc062723c751e8b465ee728b)
Start importing Assets/Game Buffs/Free Stylized Textures/Textures/Cracked_Asphalt_5/Cracked_Asphalt_5.terrainlayer using Guid(aa112416e2ec67d40be11e2c95308f7c) Importer(815301076,1909f56bfc062723c751e8b465ee728b)  -> (artifact id: '0483a117a75653065700dd55547e619f') in 0.023404 seconds 
========================================================================
Received Import Request.
  Time since last request: 0.000015 seconds.
  path: Assets/Game Buffs/Free Stylized Textures/Textures/Cracked_Asphalt_5/Cracked_Asphalt_5_Height.png
  artifactKey: Guid(d656cb215e1024a43a19cf36d8e49429) Importer(815301076,1909f56bfc062723c751e8b465ee728b)
Start importing Assets/Game Buffs/Free Stylized Textures/Textures/Cracked_Asphalt_5/Cracked_Asphalt_5_Height.png using Guid(d656cb215e1024a43a19cf36d8e49429) Importer(815301076,1909f56bfc062723c751e8b465ee728b)  -> (artifact id: '997b8a57fd9e2e6eabc9d5b09f9bc821') in 0.008065 seconds 
========================================================================
Received Import Request.
  Time since last request: 1.890070 seconds.
  path: Assets/Game Buffs/Free Stylized Textures/Textures/Cliff_Rock_Surface_21/Cliff_Rock_Surface_21.terrainlayer
  artifactKey: Guid(45e0e9114d20fb945ba9700bbbf1ce29) Importer(815301076,1909f56bfc062723c751e8b465ee728b)
Start importing Assets/Game Buffs/Free Stylized Textures/Textures/Cliff_Rock_Surface_21/Cliff_Rock_Surface_21.terrainlayer using Guid(45e0e9114d20fb945ba9700bbbf1ce29) Importer(815301076,1909f56bfc062723c751e8b465ee728b)  -> (artifact id: 'be0e330d6be00ae46c4c2ae24f5f6c68') in 0.025249 seconds 
========================================================================
Received Import Request.
  Time since last request: 0.000014 seconds.
  path: Assets/Game Buffs/Free Stylized Textures/Textures/Cliff_Rock_Surface_21/Cliff_Rock_Surface_21_Roughness.png
  artifactKey: Guid(5577b3ccfe9c9d846a960fc33f38ed28) Importer(815301076,1909f56bfc062723c751e8b465ee728b)
Start importing Assets/Game Buffs/Free Stylized Textures/Textures/Cliff_Rock_Surface_21/Cliff_Rock_Surface_21_Roughness.png using Guid(5577b3ccfe9c9d846a960fc33f38ed28) Importer(815301076,1909f56bfc062723c751e8b465ee728b)  -> (artifact id: '04edd4ea9c6063a62842a535d525d7b1') in 0.014152 seconds 
========================================================================
Received Import Request.
  Time since last request: 1.196199 seconds.
  path: Assets/Game Buffs/Free Stylized Textures/Textures/Brick_Wall_18/Brick_Wall_18.terrainlayer
  artifactKey: Guid(c84d89211116e4047976bd4033c779f1) Importer(815301076,1909f56bfc062723c751e8b465ee728b)
Start importing Assets/Game Buffs/Free Stylized Textures/Textures/Brick_Wall_18/Brick_Wall_18.terrainlayer using Guid(c84d89211116e4047976bd4033c779f1) Importer(815301076,1909f56bfc062723c751e8b465ee728b)  -> (artifact id: 'a37df70b4fd9d2e64a6e67f3cafc0136') in 0.022000 seconds 
========================================================================
Received Import Request.
  Time since last request: 0.000012 seconds.
  path: Assets/Game Buffs/Free Stylized Textures/Textures/Brick_Wall_18/Brick_Wall_18_Metallic.png
  artifactKey: Guid(88ac4dc9257d4014ebd8ec9fdc23bed0) Importer(815301076,1909f56bfc062723c751e8b465ee728b)
Start importing Assets/Game Buffs/Free Stylized Textures/Textures/Brick_Wall_18/Brick_Wall_18_Metallic.png using Guid(88ac4dc9257d4014ebd8ec9fdc23bed0) Importer(815301076,1909f56bfc062723c751e8b465ee728b)  -> (artifact id: '6c588bfab7cdb3b47c059f193ba6aa4c') in 0.010269 seconds 
========================================================================
Received Import Request.
  Time since last request: 0.493860 seconds.
  path: Assets/Game Buffs/Free Stylized Textures/Textures/Bones_Debris_1/Bones_Debris_1.terrainlayer
  artifactKey: Guid(597739b7976755547914e2bca03f3754) Importer(815301076,1909f56bfc062723c751e8b465ee728b)
Start importing Assets/Game Buffs/Free Stylized Textures/Textures/Bones_Debris_1/Bones_Debris_1.terrainlayer using Guid(597739b7976755547914e2bca03f3754) Importer(815301076,1909f56bfc062723c751e8b465ee728b)  -> (artifact id: '8c602070d6623c01a6f908aced2c2e8a') in 0.020729 seconds 
========================================================================
Received Import Request.
  Time since last request: 0.000013 seconds.
  path: Assets/Game Buffs/Free Stylized Textures/Textures/Bones_Debris_1/Bones_Debris_1_Roughness.png
  artifactKey: Guid(83aafb4aa9e58af47abfd8c1438e9baf) Importer(815301076,1909f56bfc062723c751e8b465ee728b)
Start importing Assets/Game Buffs/Free Stylized Textures/Textures/Bones_Debris_1/Bones_Debris_1_Roughness.png using Guid(83aafb4aa9e58af47abfd8c1438e9baf) Importer(815301076,1909f56bfc062723c751e8b465ee728b)  -> (artifact id: '3f259e2709c9f0d4e42f756609520546') in 0.015063 seconds 
========================================================================
Received Import Request.
  Time since last request: 1.335374 seconds.
  path: Assets/Game Buffs/Free Stylized Textures/Textures/Arctic_Forest_Ground_12/Arctic_Forest_Ground_12.terrainlayer
  artifactKey: Guid(6d07f29226ea90a429d3cbf7fc419428) Importer(815301076,1909f56bfc062723c751e8b465ee728b)
Start importing Assets/Game Buffs/Free Stylized Textures/Textures/Arctic_Forest_Ground_12/Arctic_Forest_Ground_12.terrainlayer using Guid(6d07f29226ea90a429d3cbf7fc419428) Importer(815301076,1909f56bfc062723c751e8b465ee728b)  -> (artifact id: 'cd03e2f2c717d3de0a9e1d0efbb41efe') in 0.017173 seconds 
========================================================================
Received Import Request.
  Time since last request: 0.000013 seconds.
  path: Assets/Game Buffs/Free Stylized Textures/Textures/Arctic_Forest_Ground_12/Arctic_Forest_Ground_12_Mask.png
  artifactKey: Guid(c2db7c57263fb88488c7aace2482fb71) Importer(815301076,1909f56bfc062723c751e8b465ee728b)
Start importing Assets/Game Buffs/Free Stylized Textures/Textures/Arctic_Forest_Ground_12/Arctic_Forest_Ground_12_Mask.png using Guid(c2db7c57263fb88488c7aace2482fb71) Importer(815301076,1909f56bfc062723c751e8b465ee728b)  -> (artifact id: 'b4ffdd28a229ca15336288b7a4ed37dc') in 0.011934 seconds 
Editor requested this worker to shutdown with reason: Scaling down because of idle timeout
AssetImportWorker is now disconnected from the server
Process exiting
Exiting without the bug reporter. Application will terminate with return code 0